IC0 0.927036                 
IC1 0.936639                 
NC0 0.93903                  
NC1 0.85565                  
NC2 0.764083                 
NC3 0.791202                 
IW 63.6789                  
NW 14.2056                  
IC0 0.9635                   
IC1 0.96944                  
NC0 0.983552                 
NC1 0.914639                 
NC2 0.94257                  
NC3 0.900378                 
IW 56.0462                  
NW 45.6823                  
IC0 0.919334                 
IC1 0.862871                 
NC0 0.750198                 
NC1 0.617283                 
NC2 0.577305                 
NC3 0.308092                 
IW 36.4377                  
NW 2.48469                  
IC0 0.985698                 
IC1 0.922776                 
NC0 0.866661                 
NC1 0.870622                 
NC2 0.811171                 
NC3 0.627551                 
IW 59.7238                  
NW 12.4309                  
IC0 0.931345                 
IC1 0.836732                 
NC0 0.927895                 
NC1 0.881267                 
NC2 0.827731                 
NC3 0.745962                 
IW 63.998                   
NW 34.5267                  
IC0 0.871607                 
IC1 0.715963                 
NC0 0.801368                 
NC1 0.745283                 
NC2 0.596946                 
NC3 0.445602                 
IW 26.5405                  
NW 3.15276                  
IC0 0.733184                 
IC1 0.630199                 
NC0 0.854112                 
NC1 0.666001                 
NC2 0.603716                 
NC3 0.625899                 
IW 25.4357                  
NW 11.3219                  
IC0 0.949442                 
IC1 0.946304                 
NC0 0.910444                 
NC1 0.815215                 
NC2 0.708769                 
NC3 0.657059                 
IW 54.6288                  
NW 6.4563                   
IC0 0.914503                 
IC1 0.868298                 
NC0 0.779178                 
NC1 0.723152                 
NC2 0.522518                 
NC3 0.465939                 
IW 31.349                   
NW 4.72549                  
IC0 0.844495                 
IC1 0.709581                 
NC0 0.795763                 
NC1 0.693589                 
NC2 0.586802                 
NC3 0.415201                 
IW 13.5947                  
NW 9.26422                  
IC0 0.846804                 
IC1 0.701131                 
NC0 0.859414                 
NC1 0.700507                 
NC2 0.59463                  
NC3 0.656752                 
IW 10.0058                  
NW 4.91789                  
IC0 0.781033                 
IC1 0.675569                 
NC0 0.772135                 
NC1 0.732978                 
NC2 0.683542                 
NC3 0.532044                 
IW 17.4536                  
NW 3.23447                  
IC0 0.726503                 
IC1 0.717308                 
NC0 0.786327                 
NC1 0.737546                 
NC2 0.711765                 
NC3 0.514651                 
IW 39.4638                  
NW 24.5842                  
IC0 0.706351                 
IC1 0.42842                  
NC0 0.780339                 
NC1 0.755783                 
NC2 0.621662                 
NC3 0.464053                 
IW 6.91183                  
NW 6.27299                  
IC0 0.852352                 
IC1 0.719673                 
NC0 0.917329                 
NC1 0.872993                 
NC2 0.776057                 
NC3 0.652365                 
IW 90.3125                  
NW 16.5103                  
IC0 0.78518                  
IC1 0.73449                  
NC0 0.928385                 
NC1 0.918588                 
NC2 0.903604                 
NC3 0.844193                 
IW 48.3146                  
NW 47.427                   
IC0 0.831319                 
IC1 0.797313                 
NC0 0.884087                 
NC1 0.777311                 
NC2 0.748294                 
NC3 0.683092                 
IW 34.7536                  
NW 7.85328                  
IC0 0.969585                 
IC1 0.899346                 
NC0 0.692787                 
NC1 0.53591                  
NC2 0.402566                 
NC3 0.23106                  
IW 89.226                   
NW 0.235595                 
IC0 0.813479                 
IC1 0.79135                  
NC0 0.654322                 
NC1 0.589355                 
NC2 0.45909                  
NC3 0.258092                 
IW 26.6799                  
NW 0.543207                 
IC0 0.760384                 
IC1 0.5001                   
NC0 0.804795                 
NC1 0.608252                 
NC2 0.506143                 
NC3 0.553458                 
IW 16.9819                  
NW 3.03529                  
