IC0 0.970092                 
NC0 0.836816                 
NC1 0.759161                 
NC2 0.687479                 
NC3 0.480492                 
NC4 0.40038                  
NC5 0.358405                 
IW 198.841                  
NW 1.1612                   
IC0 1                        
NC0 0.674695                 
NC1 0.587074                 
NC2 0.373959                 
NC3 0.252178                 
NC4 0.186563                 
NC5 0.0858022                
IW 158.117                  
NW 0.577288                 
IC0 1                        
NC0 0.704841                 
NC1 0.572041                 
NC2 0.470797                 
NC3 0.133751                 
NC4 0.206995                 
NC5 0.164451                 
IW 220.967                  
NW 0                        
IC0 0.986526                 
NC0 0.718566                 
NC1 0.648573                 
NC2 0.636851                 
NC3 0.449329                 
NC4 0.4371                   
NC5 0.285586                 
IW 296.063                  
NW 0.48747                  
IC0 0.944512                 
NC0 0.824519                 
NC1 0.777995                 
NC2 0.5932                   
NC3 0.524473                 
NC4 0.342454                 
NC5 0.3254                   
IW 177.101                  
NW 6.22395                  
IC0 0.951456                 
NC0 0.783834                 
NC1 0.646611                 
NC2 0.485225                 
NC3 0.309038                 
NC4 0.310665                 
NC5 0.053825                 
IW 144.481                  
NW 0.0179851                
IC0 0.858915                 
NC0 0.79985                  
NC1 0.672941                 
NC2 0.521114                 
NC3 0.390817                 
NC4 0.219255                 
NC5 0.146054                 
IW 125.698                  
NW 0.32448                  
IC0 0.98582                  
NC0 0.821044                 
NC1 0.733649                 
NC2 0.682727                 
NC3 0.512502                 
NC4 0.443043                 
NC5 0.351599                 
IW 244.431                  
NW 3.33086                  
IC0 0.999843                 
NC0 0.743304                 
NC1 0.600656                 
NC2 0.456766                 
NC3 0.384797                 
NC4 0.232018                 
NC5 0.14191                  
IW 197.146                  
NW 0.351806                 
IC0 0.973962                 
NC0 0.681617                 
NC1 0.677832                 
NC2 0.47851                  
NC3 0.264294                 
NC4 0.260286                 
NC5 0.128815                 
IW 229.334                  
NW 0.950054                 
IC0 1                        
NC0 0.660005                 
NC1 0.57367                  
NC2 0.517339                 
NC3 0.269059                 
NC4 0.131962                 
NC5 0.108303                 
IW 216.649                  
NW 0.675948                 
IC0 0.921176                 
NC0 0.686762                 
NC1 0.57493                  
NC2 0.563724                 
NC3 0.422341                 
NC4 0.38397                  
NC5 0.173892                 
IW 130.748                  
NW 0.149726                 
IC0 0.996811                 
NC0 0.631097                 
NC1 0.6549                   
NC2 0.499099                 
NC3 0.330919                 
NC4 0.141535                 
NC5 0.0747708                
IW 224.614                  
NW 0                        
IC0 0.986986                 
NC0 0.726314                 
NC1 0.728936                 
NC2 0.561383                 
NC3 0.547816                 
NC4 0.278142                 
NC5 0.206085                 
IW 229.332                  
NW 0.112721                 
IC0 1                        
NC0 0.744092                 
NC1 0.651995                 
NC2 0.468715                 
NC3 0.541631                 
NC4 0.218065                 
NC5 0.10367                  
IW 304.888                  
NW 0.420494                 
IC0 0.991069                 
NC0 0.686428                 
NC1 0.528372                 
NC2 0.485447                 
NC3 0.257812                 
NC4 0.154125                 
NC5 0.0212573                
IW 164.289                  
NW 0                        
IC0 0.9999                   
NC0 0.710685                 
NC1 0.580568                 
NC2 0.559409                 
NC3 0.339212                 
NC4 0.255752                 
NC5 0.219485                 
IW 370.989                  
NW 0.207359                 
IC0 0.994529                 
NC0 0.796174                 
NC1 0.64326                  
NC2 0.666424                 
NC3 0.544206                 
NC4 0.296934                 
NC5 0.168528                 
IW 251.391                  
NW 0.460578                 
IC0 0.962076                 
NC0 0.700199                 
NC1 0.591048                 
NC2 0.493054                 
NC3 0.301955                 
NC4 0.271309                 
NC5 0.120684                 
IW 157.023                  
NW 0.293511                 
IC0 0.98816                  
NC0 0.824528                 
NC1 0.667605                 
NC2 0.46417                  
NC3 0.382563                 
NC4 0.233725                 
NC5 0.260118                 
IW 197.868                  
NW 0.119499                 
