IC0 0.927036                 
IC1 0.936639                 
NC0 0.952292                 
NC1 0.992667                 
NC2 0.919126                 
IW 63.6789                  
NW 80.5753                  
IC0 0.793096                 
IC1 0.592652                 
NC0 0.777836                 
NC1 0.745918                 
NC2 0.635363                 
IW 4.80453                  
NW 24.3995                  
IC0 0.919334                 
IC1 0.862871                 
NC0 0.82303                  
NC1 0.701917                 
NC2 0.72793                  
IW 36.4377                  
NW 11.0562                  
IC0 0.985698                 
IC1 0.922776                 
NC0 0.901183                 
NC1 0.935768                 
NC2 0.867749                 
IW 59.7238                  
NW 71.7532                  
IC0 0.931345                 
IC1 0.836732                 
NC0 0.993844                 
NC1 0.989339                 
NC2 0.98731                  
IW 63.998                   
NW 114.786                  
IC0 0.871607                 
IC1 0.715963                 
NC0 0.905964                 
NC1 0.845989                 
NC2 0.837246                 
IW 26.5405                  
NW 34.1975                  
IC0 0.733184                 
IC1 0.630199                 
NC0 0.970891                 
NC1 0.926578                 
NC2 0.830932                 
IW 25.4357                  
NW 59.8341                  
IC0 0.758958                 
IC1 0.740945                 
NC0 0.963438                 
NC1 0.896769                 
NC2 0.907896                 
IW 27.7307                  
NW 98.1802                  
IC0 0.914503                 
IC1 0.868298                 
NC0 0.877062                 
NC1 0.705152                 
NC2 0.727212                 
IW 31.349                   
NW 14.0165                  
IC0 0.844495                 
IC1 0.709581                 
NC0 0.873524                 
NC1 0.855526                 
NC2 0.762304                 
IW 13.5947                  
NW 38.3801                  
IC0 0.830774                 
IC1 0.80212                  
NC0 0.892556                 
NC1 0.858994                 
NC2 0.821772                 
IW 27.4743                  
NW 30.4558                  
IC0 0.945523                 
IC1 0.801726                 
NC0 0.835999                 
NC1 0.797804                 
NC2 0.70899                  
IW 29.7338                  
NW 25.874                   
IC0 0.78487                  
IC1 0.603188                 
NC0 0.939089                 
NC1 0.871505                 
NC2 0.926589                 
IW 10.2946                  
NW 29.1666                  
IC0 0.949044                 
IC1 0.905983                 
NC0 0.940165                 
NC1 0.888692                 
NC2 0.861504                 
IW 58.9987                  
NW 49.5847                  
IC0 0.689088                 
IC1 0.637193                 
NC0 0.941648                 
NC1 0.933851                 
NC2 0.916094                 
IW 34.6958                  
NW 50.8733                  
IC0 0.87902                  
IC1 0.805807                 
NC0 0.885627                 
NC1 0.847174                 
NC2 0.824077                 
IW 45.6431                  
NW 36.1676                  
IC0 0.895454                 
IC1 0.857383                 
NC0 0.9403                   
NC1 0.713539                 
NC2 0.656922                 
IW 33.1203                  
NW 16.9339                  
IC0 0.740355                 
IC1 0.619422                 
NC0 0.999612                 
NC1 0.989515                 
NC2 0.987499                 
IW 25.8849                  
NW 71.9498                  
IC0 0.975272                 
IC1 0.969439                 
NC0 0.985753                 
NC1 0.919148                 
NC2 0.909374                 
IW 72.3091                  
NW 39.7584                  
IC0 0.780793                 
IC1 0.613298                 
NC0 0.98796                  
NC1 0.981745                 
NC2 0.963673                 
IW 17.0326                  
NW 114.364                  
