IC0 0.970092                 
NC0 1                        
IW 198.841                  
NW 291.551                  
IC0 1                        
NC0 0.975451                 
IW 158.117                  
NW 218.153                  
IC0 1                        
NC0 0.985135                 
IW 220.967                  
NW 215.116                  
IC0 0.986526                 
NC0 1                        
IW 296.063                  
NW 265.961                  
IC0 0.944512                 
NC0 0.993844                 
IW 177.101                  
NW 274.982                  
IC0 0.951456                 
NC0 1                        
IW 144.481                  
NW 315.344                  
IC0 0.858915                 
NC0 1                        
IW 125.698                  
NW 331.902                  
IC0 0.98582                  
NC0 0.976091                 
IW 244.431                  
NW 248.848                  
IC0 0.999843                 
NC0 0.994632                 
IW 197.146                  
NW 295.813                  
IC0 0.973962                 
NC0 0.973462                 
IW 229.334                  
NW 238.487                  
IC0 1                        
NC0 0.995418                 
IW 202.432                  
NW 294.393                  
IC0 0.878001                 
NC0 1                        
IW 124.872                  
NW 244.357                  
IC0 0.981166                 
NC0 1                        
IW 217.886                  
NW 354.002                  
IC0 1                        
NC0 0.973044                 
IW 300.063                  
NW 215.501                  
IC0 1                        
NC0 0.95956                  
IW 257.665                  
NW 262.13                   
IC0 0.98696                  
NC0 1                        
IW 285.056                  
NW 374.854                  
IC0 0.998534                 
NC0 1                        
IW 248.498                  
NW 363.309                  
IC0 0.918765                 
NC0 0.994926                 
IW 159.011                  
NW 306.325                  
IC0 0.983842                 
NC0 1                        
IW 232.635                  
NW 264.229                  
IC0 1                        
NC0 0.992281                 
IW 166.805                  
NW 324.938                  
