IC0 0.609878                 
IC1 0.483798                 
IC2 0.467959                 
IC3 0.502464                 
NC0 0.952292                 
NC1 0.992667                 
NC2 0.919126                 
IW 1.47794                  
NW 80.5753                  
IC0 0.707806                 
IC1 0.634542                 
IC2 0.499272                 
IC3 0.146942                 
NC0 0.983552                 
NC1 0.96529                  
NC2 0.964593                 
IW 0.396267                 
NW 111.048                  
IC0 0.712298                 
IC1 0.522267                 
IC2 0.538009                 
IC3 0.24797                  
NC0 0.82303                  
NC1 0.701917                 
NC2 0.72793                  
IW 5.99534                  
NW 11.0562                  
IC0 0.818342                 
IC1 0.540148                 
IC2 0.386046                 
IC3 0.206397                 
NC0 0.901183                 
NC1 0.935768                 
NC2 0.867749                 
IW 0.768033                 
NW 71.7532                  
IC0 0.691347                 
IC1 0.550436                 
IC2 0.499382                 
IC3 0.218928                 
NC0 0.993844                 
NC1 0.989339                 
NC2 0.98731                  
IW 0.191585                 
NW 114.786                  
IC0 0.71838                  
IC1 0.505068                 
IC2 0.513927                 
IC3 0.236518                 
NC0 0.905964                 
NC1 0.845989                 
NC2 0.837246                 
IW 1.71609                  
NW 34.1975                  
IC0 0.697408                 
IC1 0.438001                 
IC2 0.144601                 
IC3 0.129697                 
NC0 0.970891                 
NC1 0.926578                 
NC2 0.830932                 
IW 1.07449                  
NW 59.8341                  
IC0 0.700804                 
IC1 0.470582                 
IC2 0.38135                  
IC3 0.367331                 
NC0 0.932052                 
NC1 0.894714                 
NC2 0.916513                 
IW 0.999583                 
NW 44.9609                  
IC0 0.639625                 
IC1 0.56457                  
IC2 0.402429                 
IC3 0.212686                 
NC0 0.877062                 
NC1 0.705152                 
NC2 0.727212                 
IW 1.4043                   
NW 14.0165                  
IC0 0.735941                 
IC1 0.500691                 
IC2 0.257768                 
IC3 0.0884477                
NC0 0.873524                 
NC1 0.855526                 
NC2 0.762304                 
IW 0.262908                 
NW 38.3801                  
IC0 0.746151                 
IC1 0.64426                  
IC2 0.576421                 
IC3 0.454569                 
NC0 0.915685                 
NC1 0.826524                 
NC2 0.857756                 
IW 1.37745                  
NW 10.1257                  
IC0 0.65658                  
IC1 0.604098                 
IC2 0.282113                 
IC3 0.0518466                
NC0 0.912618                 
NC1 0.802565                 
NC2 0.7613                   
IW 0                        
NW 16.2514                  
IC0 0.628246                 
IC1 0.75788                  
IC2 0.331458                 
IC3 0.365859                 
NC0 0.941073                 
NC1 0.83092                  
NC2 0.809592                 
IW 2.42429                  
NW 17.7217                  
IC0 0.619635                 
IC1 0.471418                 
IC2 0.307861                 
IC3 0.133178                 
NC0 0.794599                 
NC1 0.78137                  
NC2 0.669585                 
IW 0                        
NW 11.955                   
IC0 0.584377                 
IC1 0.383585                 
IC2 0.244353                 
IC3 0.301214                 
NC0 0.938955                 
NC1 0.918744                 
NC2 0.83121                  
IW 2.27284                  
NW 58.1935                  
IC0 0.655917                 
IC1 0.412752                 
IC2 0.420847                 
IC3 0.23773                  
NC0 0.750038                 
NC1 0.528242                 
NC2 0.549737                 
IW 1.22816                  
NW 4.94135                  
IC0 0.704344                 
IC1 0.473537                 
IC2 0.34327                  
IC3 0.314216                 
NC0 0.996178                 
NC1 0.973877                 
NC2 0.929171                 
IW 5.56552                  
NW 87.9669                  
IC0 0.656854                 
IC1 0.427459                 
IC2 0.407624                 
IC3 0.254244                 
NC0 0.910076                 
NC1 0.816093                 
NC2 0.715557                 
IW 2.53724                  
NW 16.9654                  
IC0 0.695513                 
IC1 0.707914                 
IC2 0.455983                 
IC3 0.31411                  
NC0 0.868902                 
NC1 0.819455                 
NC2 0.763001                 
IW 1.6879                   
NW 64.9446                  
IC0 0.790459                 
IC1 0.483926                 
IC2 0.310291                 
IC3 0.214956                 
NC0 0.87874                  
NC1 0.833329                 
NC2 0.71124                  
IW 0.605706                 
NW 16.1228                  
