IC0 0.970092                 
NC0 0.952292                 
NC1 0.992667                 
NC2 0.919126                 
IW 198.841                  
NW 80.5753                  
IC0 1                        
NC0 0.777836                 
NC1 0.745918                 
NC2 0.635363                 
IW 158.117                  
NW 24.3995                  
IC0 1                        
NC0 0.82303                  
NC1 0.701917                 
NC2 0.72793                  
IW 220.967                  
NW 11.0562                  
IC0 0.986526                 
NC0 0.901183                 
NC1 0.935768                 
NC2 0.867749                 
IW 296.063                  
NW 71.7532                  
IC0 0.944512                 
NC0 0.993844                 
NC1 0.989339                 
NC2 0.98731                  
IW 177.101                  
NW 114.786                  
IC0 0.951456                 
NC0 0.905964                 
NC1 0.845989                 
NC2 0.837246                 
IW 144.481                  
NW 34.1975                  
IC0 0.858915                 
NC0 0.970891                 
NC1 0.926578                 
NC2 0.830932                 
IW 125.698                  
NW 59.8341                  
IC0 0.98582                  
NC0 0.963438                 
NC1 0.896769                 
NC2 0.907896                 
IW 244.431                  
NW 98.1802                  
IC0 0.999843                 
NC0 0.877062                 
NC1 0.705152                 
NC2 0.727212                 
IW 197.146                  
NW 14.0165                  
IC0 0.973962                 
NC0 0.873524                 
NC1 0.855526                 
NC2 0.762304                 
IW 229.334                  
NW 38.3801                  
IC0 0.991193                 
NC0 0.782041                 
NC1 0.81934                  
NC2 0.7208                   
IW 144.888                  
NW 16.3642                  
IC0 0.991412                 
NC0 0.930751                 
NC1 0.906423                 
NC2 0.865767                 
IW 81.2015                  
NW 32.9758                  
IC0 0.908821                 
NC0 0.960901                 
NC1 0.926127                 
NC2 0.933277                 
IW 114.241                  
NW 94.2238                  
IC0 0.883424                 
NC0 0.970081                 
NC1 0.786835                 
NC2 0.764032                 
IW 57.8405                  
NW 31.8894                  
IC0 0.949364                 
NC0 0.871118                 
NC1 0.822095                 
NC2 0.828101                 
IW 93.7274                  
NW 9.89545                  
IC0 1                        
NC0 0.950044                 
NC1 0.920665                 
NC2 0.944742                 
IW 232.037                  
NW 35.2422                  
IC0 0.906356                 
NC0 1                        
NC1 0.983296                 
NC2 0.959159                 
IW 99.3221                  
NW 80.5846                  
IC0 1                        
NC0 0.935533                 
NC1 0.883694                 
NC2 0.864657                 
IW 321.239                  
NW 52.3738                  
IC0 1                        
NC0 0.949849                 
NC1 0.880302                 
NC2 0.820898                 
IW 333.703                  
NW 33.1271                  
IC0 0.968572                 
NC0 0.877776                 
NC1 0.819703                 
NC2 0.791084                 
IW 220.047                  
NW 24.3442                  
