IC0 0.927036                 
IC1 0.936639                 
NC0 0.836816                 
NC1 0.759161                 
NC2 0.687479                 
NC3 0.480492                 
NC4 0.40038                  
NC5 0.358405                 
IW 63.6789                  
NW 1.1612                   
IC0 0.9635                   
IC1 0.96944                  
NC0 0.854791                 
NC1 0.799613                 
NC2 0.785027                 
NC3 0.626141                 
NC4 0.62655                  
NC5 0.625051                 
IW 56.0462                  
NW 3.22798                  
IC0 0.919334                 
IC1 0.862871                 
NC0 0.704841                 
NC1 0.572041                 
NC2 0.470797                 
NC3 0.133751                 
NC4 0.206995                 
NC5 0.164451                 
IW 36.4377                  
NW 0                        
IC0 0.985698                 
IC1 0.922776                 
NC0 0.718566                 
NC1 0.648573                 
NC2 0.636851                 
NC3 0.449329                 
NC4 0.4371                   
NC5 0.285586                 
IW 59.7238                  
NW 0.48747                  
IC0 0.931345                 
IC1 0.836732                 
NC0 0.824519                 
NC1 0.777995                 
NC2 0.5932                   
NC3 0.524473                 
NC4 0.342454                 
NC5 0.3254                   
IW 63.998                   
NW 6.22395                  
IC0 0.871607                 
IC1 0.715963                 
NC0 0.783834                 
NC1 0.646611                 
NC2 0.485225                 
NC3 0.309038                 
NC4 0.310665                 
NC5 0.053825                 
IW 26.5405                  
NW 0.0179851                
IC0 0.733184                 
IC1 0.630199                 
NC0 0.79985                  
NC1 0.672941                 
NC2 0.521114                 
NC3 0.390817                 
NC4 0.219255                 
NC5 0.146054                 
IW 25.4357                  
NW 0.32448                  
IC0 0.949442                 
IC1 0.946304                 
NC0 0.72349                  
NC1 0.801674                 
NC2 0.5047                   
NC3 0.391252                 
NC4 0.484907                 
NC5 0.185464                 
IW 54.6288                  
NW 0.289956                 
IC0 0.914503                 
IC1 0.868298                 
NC0 0.743304                 
NC1 0.600656                 
NC2 0.456766                 
NC3 0.384797                 
NC4 0.232018                 
NC5 0.14191                  
IW 31.349                   
NW 0.351806                 
IC0 0.844495                 
IC1 0.709581                 
NC0 0.681617                 
NC1 0.677832                 
NC2 0.47851                  
NC3 0.264294                 
NC4 0.260286                 
NC5 0.128815                 
IW 13.5947                  
NW 0.950054                 
IC0 0.824579                 
IC1 0.797045                 
NC0 0.785646                 
NC1 0.750906                 
NC2 0.491816                 
NC3 0.376139                 
NC4 0.344592                 
NC5 0.211505                 
IW 72.8954                  
NW 0.714571                 
IC0 0.990868                 
IC1 0.977896                 
NC0 0.730756                 
NC1 0.605679                 
NC2 0.513586                 
NC3 0.383792                 
NC4 0.200904                 
NC5 0.077073                 
IW 193.739                  
NW 0.00658897               
IC0 0.834868                 
IC1 0.553012                 
NC0 0.785994                 
NC1 0.60165                  
NC2 0.55087                  
NC3 0.526433                 
NC4 0.254429                 
NC5 0.098022                 
IW 22.2354                  
NW 0                        
IC0 0.683282                 
IC1 0.667983                 
NC0 0.843527                 
NC1 0.720179                 
NC2 0.590101                 
NC3 0.537178                 
NC4 0.356039                 
NC5 0.160952                 
IW 10.9782                  
NW 0.878913                 
IC0 0.736964                 
IC1 0.505365                 
NC0 0.760507                 
NC1 0.713025                 
NC2 0.508265                 
NC3 0.414947                 
NC4 0.209233                 
NC5 0.126223                 
IW 15.1367                  
NW 0.0223563                
IC0 0.984673                 
IC1 0.910613                 
NC0 0.614289                 
NC1 0.609616                 
NC2 0.493983                 
NC3 0.329634                 
NC4 0.138117                 
NC5 0.0617196                
IW 84.4866                  
NW 0                        
IC0 0.791195                 
IC1 0.696557                 
NC0 0.74085                  
NC1 0.636679                 
NC2 0.453887                 
NC3 0.465805                 
NC4 0.313338                 
NC5 0.232073                 
IW 22.4615                  
NW 1.5579                   
IC0 0.927748                 
IC1 0.822114                 
NC0 0.754042                 
NC1 0.582746                 
NC2 0.691345                 
NC3 0.489967                 
NC4 0.319925                 
NC5 0.161834                 
IW 40.9666                  
NW 0.238386                 
IC0 0.88689                  
IC1 0.817172                 
NC0 0.795693                 
NC1 0.617246                 
NC2 0.66549                  
NC3 0.414388                 
NC4 0.264324                 
NC5 0.24417                  
IW 75.0462                  
NW 0.0173799                
IC0 0.950786                 
IC1 0.876325                 
NC0 0.715154                 
NC1 0.558854                 
NC2 0.442278                 
NC3 0.407087                 
NC4 0.107516                 
NC5 0.0519522                
IW 130.577                  
NW 0.00638699               
