IC0 0.776647                 
IC1 0.636529                 
IC2 0.608392                 
NC0 0.952292                 
NC1 0.992667                 
NC2 0.919126                 
IW 11.4145                  
NW 80.5753                  
IC0 0.741162                 
IC1 0.71368                  
IC2 0.528134                 
NC0 0.983552                 
NC1 0.96529                  
NC2 0.964593                 
IW 2.8418                   
NW 111.048                  
IC0 0.792244                 
IC1 0.615984                 
IC2 0.612316                 
NC0 0.82303                  
NC1 0.701917                 
NC2 0.72793                  
IW 16.4582                  
NW 11.0562                  
IC0 0.908572                 
IC1 0.543227                 
IC2 0.499135                 
NC0 0.901183                 
NC1 0.935768                 
NC2 0.867749                 
IW 4.53925                  
NW 71.7532                  
IC0 0.737593                 
IC1 0.632229                 
IC2 0.576439                 
NC0 0.993844                 
NC1 0.989339                 
NC2 0.98731                  
IW 7.4557                   
NW 114.786                  
IC0 0.768409                 
IC1 0.554456                 
IC2 0.539434                 
NC0 0.905964                 
NC1 0.845989                 
NC2 0.837246                 
IW 6.51351                  
NW 34.1975                  
IC0 0.706525                 
IC1 0.464399                 
IC2 0.238782                 
NC0 0.970891                 
NC1 0.926578                 
NC2 0.830932                 
IW 4.79781                  
NW 59.8341                  
IC0 0.762682                 
IC1 0.610107                 
IC2 0.541424                 
NC0 0.932052                 
NC1 0.894714                 
NC2 0.916513                 
IW 5.92639                  
NW 44.9609                  
IC0 0.689265                 
IC1 0.578896                 
IC2 0.551148                 
NC0 0.877062                 
NC1 0.705152                 
NC2 0.727212                 
IW 7.39578                  
NW 14.0165                  
IC0 0.711959                 
IC1 0.584455                 
IC2 0.283221                 
NC0 0.873524                 
NC1 0.855526                 
NC2 0.762304                 
IW 1.90982                  
NW 38.3801                  
IC0 0.802433                 
IC1 0.669761                 
IC2 0.634125                 
NC0 0.937045                 
NC1 0.933172                 
NC2 0.853334                 
IW 21.818                   
NW 41.6106                  
IC0 0.658329                 
IC1 0.451193                 
IC2 0.277153                 
NC0 0.912745                 
NC1 0.932959                 
NC2 0.898265                 
IW 1.43371                  
NW 60.3924                  
IC0 0.780014                 
IC1 0.489388                 
IC2 0.382192                 
NC0 0.963303                 
NC1 0.922535                 
NC2 0.855536                 
IW 1.32821                  
NW 43.6188                  
IC0 0.476981                 
IC1 0.315684                 
IC2 0.377848                 
NC0 0.958349                 
NC1 0.92462                  
NC2 0.920986                 
IW 1.02255                  
NW 51.0028                  
IC0 0.799428                 
IC1 0.566725                 
IC2 0.558741                 
NC0 0.96362                  
NC1 0.941971                 
NC2 0.874601                 
IW 21.2423                  
NW 80.1338                  
IC0 0.808942                 
IC1 0.732335                 
IC2 0.657893                 
NC0 1                        
NC1 0.998552                 
NC2 0.98986                  
IW 47.6438                  
NW 88.0561                  
IC0 0.754948                 
IC1 0.664458                 
IC2 0.560273                 
NC0 0.848308                 
NC1 0.874966                 
NC2 0.750577                 
IW 24.409                   
NW 10.6703                  
IC0 0.682973                 
IC1 0.697807                 
IC2 0.477832                 
NC0 0.880886                 
NC1 0.864727                 
NC2 0.771666                 
IW 4.75429                  
NW 18.0067                  
IC0 0.740137                 
IC1 0.639852                 
IC2 0.614138                 
NC0 0.893616                 
NC1 0.860793                 
NC2 0.798811                 
IW 8.69677                  
NW 14.6234                  
IC0 0.732848                 
IC1 0.355769                 
IC2 0.483381                 
NC0 0.95737                  
NC1 0.916789                 
NC2 0.895111                 
IW 0.943233                 
NW 67.3611                  
