IC0 0.776647                 
IC1 0.636529                 
IC2 0.608392                 
NC0 1                        
IW 11.4145                  
NW 291.551                  
IC0 0.741162                 
IC1 0.71368                  
IC2 0.528134                 
NC0 0.997587                 
IW 2.8418                   
NW 253.116                  
IC0 0.792244                 
IC1 0.615984                 
IC2 0.612316                 
NC0 0.985135                 
IW 16.4582                  
NW 215.116                  
IC0 0.908572                 
IC1 0.543227                 
IC2 0.499135                 
NC0 1                        
IW 4.53925                  
NW 265.961                  
IC0 0.737593                 
IC1 0.632229                 
IC2 0.576439                 
NC0 0.993844                 
IW 7.4557                   
NW 274.982                  
IC0 0.768409                 
IC1 0.554456                 
IC2 0.539434                 
NC0 1                        
IW 6.51351                  
NW 315.344                  
IC0 0.706525                 
IC1 0.464399                 
IC2 0.238782                 
NC0 1                        
IW 4.79781                  
NW 331.902                  
IC0 0.762682                 
IC1 0.610107                 
IC2 0.541424                 
NC0 1                        
IW 5.92639                  
NW 320.712                  
IC0 0.689265                 
IC1 0.578896                 
IC2 0.551148                 
NC0 0.994632                 
IW 7.39578                  
NW 295.813                  
IC0 0.711959                 
IC1 0.584455                 
IC2 0.283221                 
NC0 0.973462                 
IW 1.90982                  
NW 238.487                  
IC0 0.570829                 
IC1 0.512557                 
IC2 0.292043                 
NC0 1                        
IW 4.81282                  
NW 271.944                  
IC0 0.665914                 
IC1 0.620262                 
IC2 0.405065                 
NC0 1                        
IW 7.93967                  
NW 277.636                  
IC0 0.683457                 
IC1 0.561548                 
IC2 0.322131                 
NC0 0.979157                 
IW 10.7221                  
NW 308.008                  
IC0 0.820112                 
IC1 0.792724                 
IC2 0.869843                 
NC0 1                        
IW 6.19163                  
NW 353.899                  
IC0 0.724259                 
IC1 0.667111                 
IC2 0.659222                 
NC0 0.957541                 
IW 11.4848                  
NW 409.124                  
IC0 0.678421                 
IC1 0.467809                 
IC2 0.24334                  
NC0 1                        
IW 1.05247                  
NW 363.46                   
IC0 0.614427                 
IC1 0.48642                  
IC2 0.247877                 
NC0 1                        
IW 3.08071                  
NW 318.401                  
IC0 0.741291                 
IC1 0.642782                 
IC2 0.54303                  
NC0 0.998827                 
IW 23.8698                  
NW 278.112                  
IC0 0.738857                 
IC1 0.572121                 
IC2 0.470402                 
NC0 0.980242                 
IW 3.11361                  
NW 225.269                  
IC0 0.708565                 
IC1 0.666985                 
IC2 0.517119                 
NC0 1                        
IW 11.923                   
NW 352.491                  
