IC0 0.776647                 
IC1 0.636529                 
IC2 0.608392                 
NC0 0.993041                 
NC1 0.992979                 
IW 11.4145                  
NW 200.558                  
IC0 0.741162                 
IC1 0.71368                  
IC2 0.528134                 
NC0 0.997587                 
NC1 0.96529                  
IW 2.8418                   
NW 224.555                  
IC0 0.792244                 
IC1 0.615984                 
IC2 0.612316                 
NC0 0.965997                 
NC1 0.928033                 
IW 16.4582                  
NW 72.2093                  
IC0 0.908572                 
IC1 0.543227                 
IC2 0.499135                 
NC0 0.96718                  
NC1 0.988645                 
IW 4.53925                  
NW 151.316                  
IC0 0.737593                 
IC1 0.632229                 
IC2 0.576439                 
NC0 0.993844                 
NC1 0.989339                 
IW 7.4557                   
NW 255.68                   
IC0 0.768409                 
IC1 0.554456                 
IC2 0.539434                 
NC0 0.969062                 
NC1 0.954778                 
IW 6.51351                  
NW 186.192                  
IC0 0.706525                 
IC1 0.464399                 
IC2 0.238782                 
NC0 1                        
NC1 0.997066                 
IW 4.79781                  
NW 248.864                  
IC0 0.762682                 
IC1 0.610107                 
IC2 0.541424                 
NC0 1                        
NC1 0.991908                 
IW 5.92639                  
NW 131.461                  
IC0 0.689265                 
IC1 0.578896                 
IC2 0.551148                 
NC0 0.993459                 
NC1 0.986169                 
IW 7.39578                  
NW 63.8096                  
IC0 0.711959                 
IC1 0.584455                 
IC2 0.283221                 
NC0 0.952766                 
NC1 0.945457                 
IW 1.90982                  
NW 141.237                  
IC0 0.727513                 
IC1 0.693285                 
IC2 0.463665                 
NC0 0.941173                 
NC1 0.878578                 
IW 22.9821                  
NW 74.7804                  
IC0 0.676192                 
IC1 0.722999                 
IC2 0.259                    
NC0 0.924991                 
NC1 0.943138                 
IW 1.68912                  
NW 80.1782                  
IC0 0.753236                 
IC1 0.685698                 
IC2 0.480579                 
NC0 1                        
NC1 0.992752                 
IW 3.18612                  
NW 132.392                  
IC0 0.912646                 
IC1 0.810831                 
IC2 0.8373                   
NC0 1                        
NC1 0.986069                 
IW 45.4727                  
NW 123.079                  
IC0 0.734027                 
IC1 0.701261                 
IC2 0.338105                 
NC0 0.998355                 
NC1 0.995718                 
IW 3.12265                  
NW 169.186                  
IC0 0.677463                 
IC1 0.597206                 
IC2 0.649159                 
NC0 0.959345                 
NC1 0.903947                 
IW 7.39569                  
NW 122.34                   
IC0 0.627358                 
IC1 0.422547                 
IC2 0.35635                  
NC0 0.998419                 
NC1 0.982942                 
IW 5.57589                  
NW 188.338                  
IC0 0.585299                 
IC1 0.401522                 
IC2 0.228746                 
NC0 0.928017                 
NC1 0.893552                 
IW 0.0348045                
NW 57.0178                  
IC0 0.591545                 
IC1 0.681831                 
IC2 0.228468                 
NC0 0.905977                 
NC1 0.854237                 
IW 1.80464                  
NW 43.2212                  
IC0 0.820719                 
IC1 0.784409                 
IC2 0.653055                 
NC0 0.99455                  
NC1 0.969492                 
IW 42.1474                  
NW 55.7403                  
