IC0 0.609878                 
IC1 0.483798                 
IC2 0.467959                 
IC3 0.502464                 
NC0 1                        
IW 1.47794                  
NW 291.551                  
IC0 0.707806                 
IC1 0.634542                 
IC2 0.499272                 
IC3 0.146942                 
NC0 0.997587                 
IW 0.396267                 
NW 253.116                  
IC0 0.712298                 
IC1 0.522267                 
IC2 0.538009                 
IC3 0.24797                  
NC0 0.985135                 
IW 5.99534                  
NW 215.116                  
IC0 0.818342                 
IC1 0.540148                 
IC2 0.386046                 
IC3 0.206397                 
NC0 1                        
IW 0.768033                 
NW 265.961                  
IC0 0.691347                 
IC1 0.550436                 
IC2 0.499382                 
IC3 0.218928                 
NC0 0.993844                 
IW 0.191585                 
NW 274.982                  
IC0 0.71838                  
IC1 0.505068                 
IC2 0.513927                 
IC3 0.236518                 
NC0 1                        
IW 1.71609                  
NW 315.344                  
IC0 0.697408                 
IC1 0.438001                 
IC2 0.144601                 
IC3 0.129697                 
NC0 1                        
IW 1.07449                  
NW 331.902                  
IC0 0.700804                 
IC1 0.470582                 
IC2 0.38135                  
IC3 0.367331                 
NC0 1                        
IW 0.999583                 
NW 320.712                  
IC0 0.639625                 
IC1 0.56457                  
IC2 0.402429                 
IC3 0.212686                 
NC0 0.994632                 
IW 1.4043                   
NW 295.813                  
IC0 0.735941                 
IC1 0.500691                 
IC2 0.257768                 
IC3 0.0884477                
NC0 0.973462                 
IW 0.262908                 
NW 238.487                  
IC0 0.787487                 
IC1 0.719805                 
IC2 0.484724                 
IC3 0.28189                  
NC0 1                        
IW 5.95778                  
NW 305.36                   
IC0 0.587703                 
IC1 0.462413                 
IC2 0.317194                 
IC3 0.145929                 
NC0 0.98509                  
IW 1.3083                   
NW 199.766                  
IC0 0.731769                 
IC1 0.512966                 
IC2 0.282325                 
IC3 0.234857                 
NC0 1                        
IW 6.18324                  
NW 287.512                  
IC0 0.734456                 
IC1 0.672323                 
IC2 0.427438                 
IC3 0.244334                 
NC0 0.982534                 
IW 1.10568                  
NW 323.267                  
IC0 0.697377                 
IC1 0.670564                 
IC2 0.502501                 
IC3 0.318707                 
NC0 1                        
IW 1.00775                  
NW 337.361                  
IC0 0.595743                 
IC1 0.295148                 
IC2 0.127675                 
IC3 0.0526839                
NC0 0.988896                 
IW 0                        
NW 310.745                  
IC0 0.705072                 
IC1 0.621955                 
IC2 0.386251                 
IC3 0.226688                 
NC0 1                        
IW 0.408092                 
NW 349.886                  
IC0 0.638125                 
IC1 0.640089                 
IC2 0.545759                 
IC3 0.222876                 
NC0 1                        
IW 3.71779                  
NW 223.098                  
IC0 0.533186                 
IC1 0.462023                 
IC2 0.201235                 
IC3 0.180593                 
NC0 1                        
IW 0.179334                 
NW 256.551                  
IC0 0.659466                 
IC1 0.666172                 
IC2 0.330181                 
IC3 0.359677                 
NC0 0.932517                 
IW 4.01922                  
NW 284.787                  
