IC0 0.609878                 
IC1 0.483798                 
IC2 0.467959                 
IC3 0.502464                 
NC0 0.93903                  
NC1 0.85565                  
NC2 0.764083                 
NC3 0.791202                 
IW 1.47794                  
NW 14.2056                  
IC0 0.707806                 
IC1 0.634542                 
IC2 0.499272                 
IC3 0.146942                 
NC0 0.983552                 
NC1 0.914639                 
NC2 0.94257                  
NC3 0.900378                 
IW 0.396267                 
NW 45.6823                  
IC0 0.712298                 
IC1 0.522267                 
IC2 0.538009                 
IC3 0.24797                  
NC0 0.750198                 
NC1 0.617283                 
NC2 0.577305                 
NC3 0.308092                 
IW 5.99534                  
NW 2.48469                  
IC0 0.818342                 
IC1 0.540148                 
IC2 0.386046                 
IC3 0.206397                 
NC0 0.866661                 
NC1 0.870622                 
NC2 0.811171                 
NC3 0.627551                 
IW 0.768033                 
NW 12.4309                  
IC0 0.691347                 
IC1 0.550436                 
IC2 0.499382                 
IC3 0.218928                 
NC0 0.927895                 
NC1 0.881267                 
NC2 0.827731                 
NC3 0.745962                 
IW 0.191585                 
NW 34.5267                  
IC0 0.71838                  
IC1 0.505068                 
IC2 0.513927                 
IC3 0.236518                 
NC0 0.801368                 
NC1 0.745283                 
NC2 0.596946                 
NC3 0.445602                 
IW 1.71609                  
NW 3.15276                  
IC0 0.697408                 
IC1 0.438001                 
IC2 0.144601                 
IC3 0.129697                 
NC0 0.854112                 
NC1 0.666001                 
NC2 0.603716                 
NC3 0.625899                 
IW 1.07449                  
NW 11.3219                  
IC0 0.700804                 
IC1 0.470582                 
IC2 0.38135                  
IC3 0.367331                 
NC0 0.910444                 
NC1 0.815215                 
NC2 0.708769                 
NC3 0.657059                 
IW 0.999583                 
NW 6.4563                   
IC0 0.639625                 
IC1 0.56457                  
IC2 0.402429                 
IC3 0.212686                 
NC0 0.779178                 
NC1 0.723152                 
NC2 0.522518                 
NC3 0.465939                 
IW 1.4043                   
NW 4.72549                  
IC0 0.735941                 
IC1 0.500691                 
IC2 0.257768                 
IC3 0.0884477                
NC0 0.795763                 
NC1 0.693589                 
NC2 0.586802                 
NC3 0.415201                 
IW 0.262908                 
NW 9.26422                  
IC0 0.650113                 
IC1 0.405762                 
IC2 0.3508                   
IC3 0.285691                 
NC0 0.805375                 
NC1 0.697843                 
NC2 0.571406                 
NC3 0.598023                 
IW 0.588701                 
NW 6.60991                  
IC0 0.747794                 
IC1 0.59086                  
IC2 0.508934                 
IC3 0.340537                 
NC0 0.767482                 
NC1 0.595379                 
NC2 0.497822                 
NC3 0.354249                 
IW 2.45334                  
NW 1.38424                  
IC0 0.704377                 
IC1 0.566196                 
IC2 0.300479                 
IC3 0.426561                 
NC0 0.812255                 
NC1 0.622777                 
NC2 0.636507                 
NC3 0.371955                 
IW 2.16199                  
NW 1.7019                   
IC0 0.678747                 
IC1 0.592325                 
IC2 0.405859                 
IC3 0.180984                 
NC0 0.768797                 
NC1 0.797278                 
NC2 0.544139                 
NC3 0.349893                 
IW 0.982567                 
NW 3.27239                  
IC0 0.872096                 
IC1 0.580087                 
IC2 0.420463                 
IC3 0.191764                 
NC0 0.761654                 
NC1 0.690389                 
NC2 0.490754                 
NC3 0.313699                 
IW 3.45754                  
NW 0.695756                 
IC0 0.720807                 
IC1 0.61872                  
IC2 0.45915                  
IC3 0.286987                 
NC0 0.852295                 
NC1 0.825526                 
NC2 0.779069                 
NC3 0.688123                 
IW 2.08713                  
NW 9.83083                  
IC0 0.525513                 
IC1 0.369576                 
IC2 0.12502                  
IC3 0.0719971                
NC0 0.888169                 
NC1 0.792607                 
NC2 0.71845                  
NC3 0.610317                 
IW 0.620507                 
NW 5.07891                  
IC0 0.629772                 
IC1 0.477833                 
IC2 0.403103                 
IC3 0.175918                 
NC0 0.787602                 
NC1 0.722904                 
NC2 0.635225                 
NC3 0.470981                 
IW 3.48319                  
NW 6.05291                  
IC0 0.710835                 
IC1 0.463111                 
IC2 0.276774                 
IC3 0.317798                 
NC0 0.803744                 
NC1 0.761169                 
NC2 0.888229                 
NC3 0.723932                 
IW 0.135888                 
NW 19.2106                  
IC0 0.798571                 
IC1 0.737674                 
IC2 0.483943                 
IC3 0.420375                 
NC0 0.764115                 
NC1 0.728856                 
NC2 0.682318                 
NC3 0.547005                 
IW 6.68393                  
NW 7.39292                  
