IC0 0.776647                 
IC1 0.636529                 
IC2 0.608392                 
NC0 0.836816                 
NC1 0.759161                 
NC2 0.687479                 
NC3 0.480492                 
NC4 0.40038                  
NC5 0.358405                 
IW 11.4145                  
NW 1.1612                   
IC0 0.741162                 
IC1 0.71368                  
IC2 0.528134                 
NC0 0.854791                 
NC1 0.799613                 
NC2 0.785027                 
NC3 0.626141                 
NC4 0.62655                  
NC5 0.625051                 
IW 2.8418                   
NW 3.22798                  
IC0 0.792244                 
IC1 0.615984                 
IC2 0.612316                 
NC0 0.704841                 
NC1 0.572041                 
NC2 0.470797                 
NC3 0.133751                 
NC4 0.206995                 
NC5 0.164451                 
IW 16.4582                  
NW 0                        
IC0 0.908572                 
IC1 0.543227                 
IC2 0.499135                 
NC0 0.718566                 
NC1 0.648573                 
NC2 0.636851                 
NC3 0.449329                 
NC4 0.4371                   
NC5 0.285586                 
IW 4.53925                  
NW 0.48747                  
IC0 0.737593                 
IC1 0.632229                 
IC2 0.576439                 
NC0 0.824519                 
NC1 0.777995                 
NC2 0.5932                   
NC3 0.524473                 
NC4 0.342454                 
NC5 0.3254                   
IW 7.4557                   
NW 6.22395                  
IC0 0.768409                 
IC1 0.554456                 
IC2 0.539434                 
NC0 0.783834                 
NC1 0.646611                 
NC2 0.485225                 
NC3 0.309038                 
NC4 0.310665                 
NC5 0.053825                 
IW 6.51351                  
NW 0.0179851                
IC0 0.706525                 
IC1 0.464399                 
IC2 0.238782                 
NC0 0.79985                  
NC1 0.672941                 
NC2 0.521114                 
NC3 0.390817                 
NC4 0.219255                 
NC5 0.146054                 
IW 4.79781                  
NW 0.32448                  
IC0 0.762682                 
IC1 0.610107                 
IC2 0.541424                 
NC0 0.72349                  
NC1 0.801674                 
NC2 0.5047                   
NC3 0.391252                 
NC4 0.484907                 
NC5 0.185464                 
IW 5.92639                  
NW 0.289956                 
IC0 0.689265                 
IC1 0.578896                 
IC2 0.551148                 
NC0 0.743304                 
NC1 0.600656                 
NC2 0.456766                 
NC3 0.384797                 
NC4 0.232018                 
NC5 0.14191                  
IW 7.39578                  
NW 0.351806                 
IC0 0.711959                 
IC1 0.584455                 
IC2 0.283221                 
NC0 0.681617                 
NC1 0.677832                 
NC2 0.47851                  
NC3 0.264294                 
NC4 0.260286                 
NC5 0.128815                 
IW 1.90982                  
NW 0.950054                 
IC0 0.631608                 
IC1 0.637285                 
IC2 0.355549                 
NC0 0.849255                 
NC1 0.740598                 
NC2 0.590939                 
NC3 0.474055                 
NC4 0.355968                 
NC5 0.12356                  
IW 1.26658                  
NW 0.0593069                
IC0 0.726436                 
IC1 0.536918                 
IC2 0.362369                 
NC0 0.732046                 
NC1 0.625923                 
NC2 0.435291                 
NC3 0.338158                 
NC4 0.185417                 
NC5 0.103542                 
IW 2.66035                  
NW 0.158492                 
IC0 0.59054                  
IC1 0.381262                 
IC2 0.226612                 
NC0 0.78409                  
NC1 0.648713                 
NC2 0.511071                 
NC3 0.498555                 
NC4 0.4959                   
NC5 0.360318                 
IW 2.60127                  
NW 0.970429                 
IC0 0.779453                 
IC1 0.580069                 
IC2 0.503238                 
NC0 0.762307                 
NC1 0.72906                  
NC2 0.627295                 
NC3 0.458395                 
NC4 0.360556                 
NC5 0.199292                 
IW 5.35423                  
NW 0.758586                 
IC0 0.799032                 
IC1 0.649981                 
IC2 0.674823                 
NC0 0.714523                 
NC1 0.668862                 
NC2 0.491784                 
NC3 0.457019                 
NC4 0.388609                 
NC5 0.260358                 
IW 8.93401                  
NW 1.83898                  
IC0 0.561821                 
IC1 0.551069                 
IC2 0.229577                 
NC0 0.730814                 
NC1 0.661766                 
NC2 0.533836                 
NC3 0.432142                 
NC4 0.414778                 
NC5 0.0394051                
IW 4.43205                  
NW 0.0407391                
IC0 0.721661                 
IC1 0.62798                  
IC2 0.563772                 
NC0 0.758366                 
NC1 0.587115                 
NC2 0.535733                 
NC3 0.470887                 
NC4 0.404361                 
NC5 0.258591                 
IW 6.89076                  
NW 2.03838                  
IC0 0.84999                  
IC1 0.629209                 
IC2 0.545924                 
NC0 0.764037                 
NC1 0.732326                 
NC2 0.571514                 
NC3 0.470697                 
NC4 0.396311                 
NC5 0.185176                 
IW 5.93067                  
NW 0.519156                 
IC0 0.731511                 
IC1 0.610962                 
IC2 0.621518                 
NC0 0.722402                 
NC1 0.665478                 
NC2 0.545403                 
NC3 0.485315                 
NC4 0.194628                 
NC5 0.105045                 
IW 5.09863                  
NW 0.0655068                
IC0 0.609274                 
IC1 0.520951                 
IC2 0.338959                 
NC0 0.734363                 
NC1 0.710466                 
NC2 0.545869                 
NC3 0.347717                 
NC4 0.262041                 
NC5 0.141705                 
IW 1.7152                   
NW 0.463332                 
