IC0 0.970092                 
NC0 0.909651                 
NC1 0.786864                 
NC2 0.749374                 
NC3 0.55472                  
NC4 0.494176                 
IW 198.841                  
NW 3.9168                   
IC0 1                        
NC0 0.671219                 
NC1 0.601862                 
NC2 0.395118                 
NC3 0.274766                 
NC4 0.217306                 
IW 158.117                  
NW 2.39576                  
IC0 1                        
NC0 0.753382                 
NC1 0.563742                 
NC2 0.509545                 
NC3 0.197844                 
NC4 0.228364                 
IW 220.967                  
NW 0.743124                 
IC0 0.986526                 
NC0 0.779227                 
NC1 0.768623                 
NC2 0.696967                 
NC3 0.454123                 
NC4 0.477066                 
IW 296.063                  
NW 2.4839                   
IC0 0.944512                 
NC0 0.849113                 
NC1 0.823712                 
NC2 0.646248                 
NC3 0.59707                  
NC4 0.471898                 
IW 177.101                  
NW 13.2434                  
IC0 0.951456                 
NC0 0.792581                 
NC1 0.650124                 
NC2 0.517333                 
NC3 0.309291                 
NC4 0.319869                 
IW 144.481                  
NW 0.389255                 
IC0 0.858915                 
NC0 0.793624                 
NC1 0.709181                 
NC2 0.507396                 
NC3 0.419845                 
NC4 0.319985                 
IW 125.698                  
NW 1.89668                  
IC0 0.98582                  
NC0 0.826584                 
NC1 0.75735                  
NC2 0.775978                 
NC3 0.612349                 
NC4 0.572303                 
IW 244.431                  
NW 8.5178                   
IC0 0.999843                 
NC0 0.73849                  
NC1 0.626889                 
NC2 0.480761                 
NC3 0.4273                   
NC4 0.280994                 
IW 197.146                  
NW 1.47069                  
IC0 0.973962                 
NC0 0.691777                 
NC1 0.691235                 
NC2 0.46281                  
NC3 0.329719                 
NC4 0.315813                 
IW 229.334                  
NW 2.63488                  
IC0 0.919914                 
NC0 0.831152                 
NC1 0.738938                 
NC2 0.572017                 
NC3 0.403464                 
NC4 0.197932                 
IW 171.385                  
NW 1.8649                   
IC0 0.933939                 
NC0 0.770686                 
NC1 0.685466                 
NC2 0.395397                 
NC3 0.380536                 
NC4 0.251457                 
IW 128.723                  
NW 0.36322                  
IC0 0.971814                 
NC0 0.759685                 
NC1 0.720882                 
NC2 0.5643                   
NC3 0.432786                 
NC4 0.252165                 
IW 194.322                  
NW 1.01183                  
IC0 1                        
NC0 0.752974                 
NC1 0.618057                 
NC2 0.594451                 
NC3 0.482814                 
NC4 0.284045                 
IW 186.738                  
NW 0.790008                 
IC0 0.981633                 
NC0 0.683929                 
NC1 0.694523                 
NC2 0.524867                 
NC3 0.336204                 
NC4 0.314639                 
IW 214.17                   
NW 0.989127                 
IC0 1                        
NC0 0.726869                 
NC1 0.717755                 
NC2 0.625547                 
NC3 0.450343                 
NC4 0.314019                 
IW 191.08                   
NW 9.50284                  
IC0 0.991388                 
NC0 0.813325                 
NC1 0.747644                 
NC2 0.649373                 
NC3 0.447151                 
NC4 0.279407                 
IW 145.28                   
NW 0.286989                 
IC0 0.945454                 
NC0 0.716098                 
NC1 0.543375                 
NC2 0.486203                 
NC3 0.289828                 
NC4 0.254344                 
IW 132.797                  
NW 0.554648                 
IC0 1                        
NC0 0.847704                 
NC1 0.744314                 
NC2 0.623967                 
NC3 0.528256                 
NC4 0.385506                 
IW 226.426                  
NW 1.18921                  
IC0 1                        
NC0 0.814198                 
NC1 0.628256                 
NC2 0.497096                 
NC3 0.423463                 
NC4 0.274155                 
IW 232.253                  
NW 4.40379                  
