IC0 0.609878                 
IC1 0.483798                 
IC2 0.467959                 
IC3 0.502464                 
NC0 0.909651                 
NC1 0.786864                 
NC2 0.749374                 
NC3 0.55472                  
NC4 0.494176                 
IW 1.47794                  
NW 3.9168                   
IC0 0.707806                 
IC1 0.634542                 
IC2 0.499272                 
IC3 0.146942                 
NC0 0.944988                 
NC1 0.886462                 
NC2 0.84624                  
NC3 0.790517                 
NC4 0.781624                 
IW 0.396267                 
NW 10.3119                  
IC0 0.712298                 
IC1 0.522267                 
IC2 0.538009                 
IC3 0.24797                  
NC0 0.753382                 
NC1 0.563742                 
NC2 0.509545                 
NC3 0.197844                 
NC4 0.228364                 
IW 5.99534                  
NW 0.743124                 
IC0 0.818342                 
IC1 0.540148                 
IC2 0.386046                 
IC3 0.206397                 
NC0 0.779227                 
NC1 0.768623                 
NC2 0.696967                 
NC3 0.454123                 
NC4 0.477066                 
IW 0.768033                 
NW 2.4839                   
IC0 0.691347                 
IC1 0.550436                 
IC2 0.499382                 
IC3 0.218928                 
NC0 0.849113                 
NC1 0.823712                 
NC2 0.646248                 
NC3 0.59707                  
NC4 0.471898                 
IW 0.191585                 
NW 13.2434                  
IC0 0.71838                  
IC1 0.505068                 
IC2 0.513927                 
IC3 0.236518                 
NC0 0.792581                 
NC1 0.650124                 
NC2 0.517333                 
NC3 0.309291                 
NC4 0.319869                 
IW 1.71609                  
NW 0.389255                 
IC0 0.697408                 
IC1 0.438001                 
IC2 0.144601                 
IC3 0.129697                 
NC0 0.793624                 
NC1 0.709181                 
NC2 0.507396                 
NC3 0.419845                 
NC4 0.319985                 
IW 1.07449                  
NW 1.89668                  
IC0 0.700804                 
IC1 0.470582                 
IC2 0.38135                  
IC3 0.367331                 
NC0 0.713459                 
NC1 0.814517                 
NC2 0.549108                 
NC3 0.466012                 
NC4 0.54839                  
IW 0.999583                 
NW 1.44109                  
IC0 0.639625                 
IC1 0.56457                  
IC2 0.402429                 
IC3 0.212686                 
NC0 0.73849                  
NC1 0.626889                 
NC2 0.480761                 
NC3 0.4273                   
NC4 0.280994                 
IW 1.4043                   
NW 1.47069                  
IC0 0.735941                 
IC1 0.500691                 
IC2 0.257768                 
IC3 0.0884477                
NC0 0.691777                 
NC1 0.691235                 
NC2 0.46281                  
NC3 0.329719                 
NC4 0.315813                 
IW 0.262908                 
NW 2.63488                  
IC0 0.531996                 
IC1 0.495106                 
IC2 0.128769                 
IC3 0.00442136               
NC0 0.718748                 
NC1 0.477232                 
NC2 0.48181                  
NC3 0.328901                 
NC4 0.270946                 
IW 0                        
NW 2.03729                  
IC0 0.599948                 
IC1 0.527371                 
IC2 0.307222                 
IC3 0.219722                 
NC0 0.768164                 
NC1 0.753082                 
NC2 0.627771                 
NC3 0.426666                 
NC4 0.31031                  
IW 0                        
NW 1.08045                  
IC0 0.706783                 
IC1 0.415454                 
IC2 0.477832                 
IC3 0.258923                 
NC0 0.730663                 
NC1 0.664389                 
NC2 0.396634                 
NC3 0.247607                 
NC4 0.0982337                
IW 0.577233                 
NW 0.286044                 
IC0 0.618972                 
IC1 0.472743                 
IC2 0.382511                 
IC3 0.331552                 
NC0 0.772538                 
NC1 0.628937                 
NC2 0.594655                 
NC3 0.491384                 
NC4 0.302705                 
IW 2.67949                  
NW 0.815047                 
IC0 0.799056                 
IC1 0.758271                 
IC2 0.716888                 
IC3 0.38065                  
NC0 0.742208                 
NC1 0.626172                 
NC2 0.450213                 
NC3 0.39105                  
NC4 0.294427                 
IW 2.16787                  
NW 0.823887                 
IC0 0.678505                 
IC1 0.508109                 
IC2 0.490322                 
IC3 0.371409                 
NC0 0.708948                 
NC1 0.605633                 
NC2 0.533331                 
NC3 0.584658                 
NC4 0.344602                 
IW 2.24891                  
NW 4.40563                  
IC0 0.691094                 
IC1 0.669552                 
IC2 0.440328                 
IC3 0.139652                 
NC0 0.780322                 
NC1 0.714664                 
NC2 0.521378                 
NC3 0.419838                 
NC4 0.283578                 
IW 0.411828                 
NW 1.57244                  
IC0 0.687154                 
IC1 0.744738                 
IC2 0.43929                  
IC3 0.338866                 
NC0 0.797054                 
NC1 0.824436                 
NC2 0.613233                 
NC3 0.432957                 
NC4 0.40402                  
IW 1.29957                  
NW 3.02215                  
IC0 0.680858                 
IC1 0.38193                  
IC2 0.277242                 
IC3 0.177234                 
NC0 0.834888                 
NC1 0.713002                 
NC2 0.558481                 
NC3 0.32829                  
NC4 0.310514                 
IW 2.23344                  
NW 1.9493                   
IC0 0.659343                 
IC1 0.552429                 
IC2 0.32231                  
IC3 0.303525                 
NC0 0.794925                 
NC1 0.693707                 
NC2 0.627806                 
NC3 0.38199                  
NC4 0.246373                 
IW 0.363314                 
NW 0.948673                 
