IC0 0.776647                 
IC1 0.636529                 
IC2 0.608392                 
NC0 0.909651                 
NC1 0.786864                 
NC2 0.749374                 
NC3 0.55472                  
NC4 0.494176                 
IW 11.4145                  
NW 3.9168                   
IC0 0.741162                 
IC1 0.71368                  
IC2 0.528134                 
NC0 0.944988                 
NC1 0.886462                 
NC2 0.84624                  
NC3 0.790517                 
NC4 0.781624                 
IW 2.8418                   
NW 10.3119                  
IC0 0.792244                 
IC1 0.615984                 
IC2 0.612316                 
NC0 0.753382                 
NC1 0.563742                 
NC2 0.509545                 
NC3 0.197844                 
NC4 0.228364                 
IW 16.4582                  
NW 0.743124                 
IC0 0.908572                 
IC1 0.543227                 
IC2 0.499135                 
NC0 0.779227                 
NC1 0.768623                 
NC2 0.696967                 
NC3 0.454123                 
NC4 0.477066                 
IW 4.53925                  
NW 2.4839                   
IC0 0.737593                 
IC1 0.632229                 
IC2 0.576439                 
NC0 0.849113                 
NC1 0.823712                 
NC2 0.646248                 
NC3 0.59707                  
NC4 0.471898                 
IW 7.4557                   
NW 13.2434                  
IC0 0.768409                 
IC1 0.554456                 
IC2 0.539434                 
NC0 0.792581                 
NC1 0.650124                 
NC2 0.517333                 
NC3 0.309291                 
NC4 0.319869                 
IW 6.51351                  
NW 0.389255                 
IC0 0.706525                 
IC1 0.464399                 
IC2 0.238782                 
NC0 0.793624                 
NC1 0.709181                 
NC2 0.507396                 
NC3 0.419845                 
NC4 0.319985                 
IW 4.79781                  
NW 1.89668                  
IC0 0.762682                 
IC1 0.610107                 
IC2 0.541424                 
NC0 0.713459                 
NC1 0.814517                 
NC2 0.549108                 
NC3 0.466012                 
NC4 0.54839                  
IW 5.92639                  
NW 1.44109                  
IC0 0.689265                 
IC1 0.578896                 
IC2 0.551148                 
NC0 0.73849                  
NC1 0.626889                 
NC2 0.480761                 
NC3 0.4273                   
NC4 0.280994                 
IW 7.39578                  
NW 1.47069                  
IC0 0.711959                 
IC1 0.584455                 
IC2 0.283221                 
NC0 0.691777                 
NC1 0.691235                 
NC2 0.46281                  
NC3 0.329719                 
NC4 0.315813                 
IW 1.90982                  
NW 2.63488                  
IC0 0.775187                 
IC1 0.772708                 
IC2 0.423143                 
NC0 0.671846                 
NC1 0.630928                 
NC2 0.481391                 
NC3 0.346108                 
NC4 0.186821                 
IW 4.41682                  
NW 0.103016                 
IC0 0.75397                  
IC1 0.600143                 
IC2 0.489151                 
NC0 0.600196                 
NC1 0.596486                 
NC2 0.555349                 
NC3 0.267214                 
NC4 0.144094                 
IW 39.4728                  
NW 1.7494                   
IC0 0.687664                 
IC1 0.54937                  
IC2 0.275824                 
NC0 0.803672                 
NC1 0.737782                 
NC2 0.708233                 
NC3 0.574678                 
NC4 0.364044                 
IW 0.817747                 
NW 1.28837                  
IC0 0.68289                  
IC1 0.576263                 
IC2 0.419473                 
NC0 0.689312                 
NC1 0.608116                 
NC2 0.513831                 
NC3 0.404581                 
NC4 0.17131                  
IW 5.40514                  
NW 0.181663                 
IC0 0.711671                 
IC1 0.629648                 
IC2 0.55653                  
NC0 0.806755                 
NC1 0.655458                 
NC2 0.572954                 
NC3 0.541486                 
NC4 0.419006                 
IW 3.51969                  
NW 3.80453                  
IC0 0.780353                 
IC1 0.75689                  
IC2 0.533505                 
NC0 0.818642                 
NC1 0.745345                 
NC2 0.689853                 
NC3 0.619695                 
NC4 0.54951                  
IW 15.0354                  
NW 5.85351                  
IC0 0.909803                 
IC1 0.789577                 
IC2 0.746845                 
NC0 0.864442                 
NC1 0.702768                 
NC2 0.632112                 
NC3 0.558125                 
NC4 0.373686                 
IW 12.5443                  
NW 6.64929                  
IC0 0.633243                 
IC1 0.463423                 
IC2 0.454213                 
NC0 0.776159                 
NC1 0.744443                 
NC2 0.588924                 
NC3 0.605682                 
NC4 0.3362                   
IW 8.44039                  
NW 2.91934                  
IC0 0.750211                 
IC1 0.638317                 
IC2 0.58533                  
NC0 0.815283                 
NC1 0.64212                  
NC2 0.514411                 
NC3 0.320076                 
NC4 0.26555                  
IW 9.08985                  
NW 2.04762                  
IC0 0.761494                 
IC1 0.665954                 
IC2 0.657129                 
NC0 0.774171                 
NC1 0.670815                 
NC2 0.595899                 
NC3 0.360749                 
NC4 0.332953                 
IW 7.82176                  
NW 4.14978                  
