IC0 0.927036                 
IC1 0.936639                 
NC0 0.993041                 
NC1 0.992979                 
IW 63.6789                  
NW 200.558                  
IC0 0.793096                 
IC1 0.592652                 
NC0 0.908175                 
NC1 0.845944                 
IW 4.80453                  
NW 85.1975                  
IC0 0.919334                 
IC1 0.862871                 
NC0 0.965997                 
NC1 0.928033                 
IW 36.4377                  
NW 72.2093                  
IC0 0.985698                 
IC1 0.922776                 
NC0 0.96718                  
NC1 0.988645                 
IW 59.7238                  
NW 151.316                  
IC0 0.931345                 
IC1 0.836732                 
NC0 0.993844                 
NC1 0.989339                 
IW 63.998                   
NW 255.68                   
IC0 0.871607                 
IC1 0.715963                 
NC0 0.969062                 
NC1 0.954778                 
IW 26.5405                  
NW 186.192                  
IC0 0.733184                 
IC1 0.630199                 
NC0 1                        
NC1 0.997066                 
IW 25.4357                  
NW 248.864                  
IC0 0.758958                 
IC1 0.740945                 
NC0 0.976091                 
NC1 0.94986                  
IW 27.7307                  
NW 205.516                  
IC0 0.914503                 
IC1 0.868298                 
NC0 0.993459                 
NC1 0.986169                 
IW 31.349                   
NW 63.8096                  
IC0 0.844495                 
IC1 0.709581                 
NC0 0.952766                 
NC1 0.945457                 
IW 13.5947                  
NW 141.237                  
IC0 0.99255                  
IC1 0.998682                 
NC0 0.969933                 
NC1 0.926449                 
IW 170.327                  
NW 174.481                  
IC0 0.969978                 
IC1 0.842591                 
NC0 1                        
NC1 0.985448                 
IW 29.4933                  
NW 123.739                  
IC0 0.855436                 
IC1 0.75289                  
NC0 0.984927                 
NC1 0.924434                 
IW 45.7101                  
NW 40.4219                  
IC0 0.761435                 
IC1 0.660805                 
NC0 0.975937                 
NC1 0.975658                 
IW 10.6255                  
NW 194.438                  
IC0 0.959379                 
IC1 0.927923                 
NC0 0.999656                 
NC1 0.996714                 
IW 41.1922                  
NW 219.938                  
IC0 0.882443                 
IC1 0.837001                 
NC0 0.98245                  
NC1 0.99523                  
IW 85.2476                  
NW 102.546                  
IC0 0.771209                 
IC1 0.562034                 
NC0 1                        
NC1 0.986014                 
IW 12.048                   
NW 121.166                  
IC0 0.677423                 
IC1 0.584589                 
NC0 0.998344                 
NC1 0.987124                 
IW 18.6559                  
NW 146.06                   
IC0 0.65566                  
IC1 0.629322                 
NC0 0.981182                 
NC1 0.980168                 
IW 6.8956                   
NW 118.55                   
IC0 1                        
IC1 0.996631                 
NC0 0.98371                  
NC1 0.974381                 
IW 104.826                  
NW 222.994                  
