IC0 0.609878                 
IC1 0.483798                 
IC2 0.467959                 
IC3 0.502464                 
NC0 0.993041                 
NC1 0.992979                 
IW 1.47794                  
NW 200.558                  
IC0 0.707806                 
IC1 0.634542                 
IC2 0.499272                 
IC3 0.146942                 
NC0 0.997587                 
NC1 0.96529                  
IW 0.396267                 
NW 224.555                  
IC0 0.712298                 
IC1 0.522267                 
IC2 0.538009                 
IC3 0.24797                  
NC0 0.965997                 
NC1 0.928033                 
IW 5.99534                  
NW 72.2093                  
IC0 0.818342                 
IC1 0.540148                 
IC2 0.386046                 
IC3 0.206397                 
NC0 0.96718                  
NC1 0.988645                 
IW 0.768033                 
NW 151.316                  
IC0 0.691347                 
IC1 0.550436                 
IC2 0.499382                 
IC3 0.218928                 
NC0 0.993844                 
NC1 0.989339                 
IW 0.191585                 
NW 255.68                   
IC0 0.71838                  
IC1 0.505068                 
IC2 0.513927                 
IC3 0.236518                 
NC0 0.969062                 
NC1 0.954778                 
IW 1.71609                  
NW 186.192                  
IC0 0.697408                 
IC1 0.438001                 
IC2 0.144601                 
IC3 0.129697                 
NC0 1                        
NC1 0.997066                 
IW 1.07449                  
NW 248.864                  
IC0 0.700804                 
IC1 0.470582                 
IC2 0.38135                  
IC3 0.367331                 
NC0 1                        
NC1 0.991908                 
IW 0.999583                 
NW 131.461                  
IC0 0.639625                 
IC1 0.56457                  
IC2 0.402429                 
IC3 0.212686                 
NC0 0.993459                 
NC1 0.986169                 
IW 1.4043                   
NW 63.8096                  
IC0 0.735941                 
IC1 0.500691                 
IC2 0.257768                 
IC3 0.0884477                
NC0 0.952766                 
NC1 0.945457                 
IW 0.262908                 
NW 141.237                  
IC0 0.615169                 
IC1 0.383584                 
IC2 0.263344                 
IC3 0.19176                  
NC0 1                        
NC1 0.976243                 
IW 0.195392                 
NW 236.083                  
IC0 0.777221                 
IC1 0.591769                 
IC2 0.368416                 
IC3 0.258765                 
NC0 1                        
NC1 0.98887                  
IW 0.628936                 
NW 180.308                  
IC0 0.755978                 
IC1 0.613709                 
IC2 0.554133                 
IC3 0.422038                 
NC0 0.932112                 
NC1 0.949031                 
IW 2.55281                  
NW 166.37                   
IC0 0.617031                 
IC1 0.564428                 
IC2 0.307351                 
IC3 0.0498527                
NC0 0.99662                  
NC1 0.996181                 
IW 0                        
NW 184.813                  
IC0 0.753163                 
IC1 0.562969                 
IC2 0.314953                 
IC3 0.237724                 
NC0 0.988472                 
NC1 0.974108                 
IW 0.440219                 
NW 170.634                  
IC0 0.74251                  
IC1 0.615015                 
IC2 0.631302                 
IC3 0.443636                 
NC0 0.968967                 
NC1 0.951908                 
IW 2.1376                   
NW 78.7537                  
IC0 0.662985                 
IC1 0.541602                 
IC2 0.3974                   
IC3 0.17282                  
NC0 1                        
NC1 0.994165                 
IW 0.730392                 
NW 210.9                    
IC0 0.722136                 
IC1 0.609718                 
IC2 0.336809                 
IC3 0.282097                 
NC0 0.956523                 
NC1 0.921565                 
IW 0.675423                 
NW 66.7984                  
IC0 0.876031                 
IC1 0.705953                 
IC2 0.602961                 
IC3 0.622009                 
NC0 0.953566                 
NC1 0.94394                  
IW 16.9862                  
NW 92.1977                  
IC0 0.756033                 
IC1 0.594564                 
IC2 0.438653                 
IC3 0.369619                 
NC0 1                        
NC1 0.997404                 
IW 10.9892                  
NW 168.639                  
