IC0 0.927036                 
IC1 0.936639                 
NC0 1                        
IW 63.6789                  
NW 291.551                  
IC0 0.793096                 
IC1 0.592652                 
NC0 0.975451                 
IW 4.80453                  
NW 218.153                  
IC0 0.919334                 
IC1 0.862871                 
NC0 0.985135                 
IW 36.4377                  
NW 215.116                  
IC0 0.985698                 
IC1 0.922776                 
NC0 1                        
IW 59.7238                  
NW 265.961                  
IC0 0.931345                 
IC1 0.836732                 
NC0 0.993844                 
IW 63.998                   
NW 274.982                  
IC0 0.871607                 
IC1 0.715963                 
NC0 1                        
IW 26.5405                  
NW 315.344                  
IC0 0.733184                 
IC1 0.630199                 
NC0 1                        
IW 25.4357                  
NW 331.902                  
IC0 0.758958                 
IC1 0.740945                 
NC0 0.976091                 
IW 27.7307                  
NW 248.848                  
IC0 0.914503                 
IC1 0.868298                 
NC0 0.994632                 
IW 31.349                   
NW 295.813                  
IC0 0.844495                 
IC1 0.709581                 
NC0 0.973462                 
IW 13.5947                  
NW 238.487                  
IC0 0.912917                 
IC1 0.833977                 
NC0 1                        
IW 90.5479                  
NW 301.546                  
IC0 0.988111                 
IC1 0.948223                 
NC0 0.998818                 
IW 109.395                  
NW 229.181                  
IC0 0.916064                 
IC1 0.841642                 
NC0 1                        
IW 16.9885                  
NW 229.171                  
IC0 0.897959                 
IC1 0.812649                 
NC0 1                        
IW 67.8355                  
NW 242.62                   
IC0 0.922842                 
IC1 0.759275                 
NC0 1                        
IW 49.9002                  
NW 283.72                   
IC0 0.858002                 
IC1 0.792446                 
NC0 0.999779                 
IW 54.4353                  
NW 278.701                  
IC0 0.893449                 
IC1 0.86227                  
NC0 1                        
IW 85.3623                  
NW 281.989                  
IC0 0.933182                 
IC1 0.917872                 
NC0 0.993389                 
IW 47.0501                  
NW 239.095                  
IC0 0.881458                 
IC1 0.758902                 
NC0 0.998486                 
IW 28.8743                  
NW 289.24                   
IC0 0.867739                 
IC1 0.843338                 
NC0 1                        
IW 53.8914                  
NW 294.686                  
