IC0 0.970092                 
NC0 0.993041                 
NC1 0.992979                 
IW 198.841                  
NW 200.558                  
IC0 1                        
NC0 0.908175                 
NC1 0.845944                 
IW 158.117                  
NW 85.1975                  
IC0 1                        
NC0 0.965997                 
NC1 0.928033                 
IW 220.967                  
NW 72.2093                  
IC0 0.986526                 
NC0 0.96718                  
NC1 0.988645                 
IW 296.063                  
NW 151.316                  
IC0 0.944512                 
NC0 0.993844                 
NC1 0.989339                 
IW 177.101                  
NW 255.68                   
IC0 0.951456                 
NC0 0.969062                 
NC1 0.954778                 
IW 144.481                  
NW 186.192                  
IC0 0.858915                 
NC0 1                        
NC1 0.997066                 
IW 125.698                  
NW 248.864                  
IC0 0.98582                  
NC0 0.976091                 
NC1 0.94986                  
IW 244.431                  
NW 205.516                  
IC0 0.999843                 
NC0 0.993459                 
NC1 0.986169                 
IW 197.146                  
NW 63.8096                  
IC0 0.973962                 
NC0 0.952766                 
NC1 0.945457                 
IW 229.334                  
NW 141.237                  
IC0 0.899418                 
NC0 0.926705                 
NC1 0.867658                 
IW 228.197                  
NW 132.586                  
IC0 1                        
NC0 0.876248                 
NC1 0.867217                 
IW 216.1                    
NW 142.185                  
IC0 1                        
NC0 0.971594                 
NC1 0.954633                 
IW 105.846                  
NW 116.538                  
IC0 0.956826                 
NC0 0.984773                 
NC1 0.950532                 
IW 303.349                  
NW 110.709                  
IC0 0.924673                 
NC0 1                        
NC1 0.970401                 
IW 283.551                  
NW 124.256                  
IC0 0.905648                 
NC0 1                        
NC1 0.999346                 
IW 241.692                  
NW 228.125                  
IC0 0.999078                 
NC0 0.964975                 
NC1 0.901187                 
IW 195.858                  
NW 69.2151                  
IC0 0.885833                 
NC0 0.974422                 
NC1 0.983125                 
IW 118.146                  
NW 119.846                  
IC0 0.909118                 
NC0 1                        
NC1 0.997983                 
IW 139.27                   
NW 176.972                  
IC0 0.968502                 
NC0 0.988201                 
NC1 0.952875                 
IW 356.93                   
NW 111.444                  
