IC0 0.609878                 
IC1 0.483798                 
IC2 0.467959                 
IC3 0.502464                 
NC0 0.836816                 
NC1 0.759161                 
NC2 0.687479                 
NC3 0.480492                 
NC4 0.40038                  
NC5 0.358405                 
IW 1.47794                  
NW 1.1612                   
IC0 0.707806                 
IC1 0.634542                 
IC2 0.499272                 
IC3 0.146942                 
NC0 0.854791                 
NC1 0.799613                 
NC2 0.785027                 
NC3 0.626141                 
NC4 0.62655                  
NC5 0.625051                 
IW 0.396267                 
NW 3.22798                  
IC0 0.712298                 
IC1 0.522267                 
IC2 0.538009                 
IC3 0.24797                  
NC0 0.704841                 
NC1 0.572041                 
NC2 0.470797                 
NC3 0.133751                 
NC4 0.206995                 
NC5 0.164451                 
IW 5.99534                  
NW 0                        
IC0 0.818342                 
IC1 0.540148                 
IC2 0.386046                 
IC3 0.206397                 
NC0 0.718566                 
NC1 0.648573                 
NC2 0.636851                 
NC3 0.449329                 
NC4 0.4371                   
NC5 0.285586                 
IW 0.768033                 
NW 0.48747                  
IC0 0.691347                 
IC1 0.550436                 
IC2 0.499382                 
IC3 0.218928                 
NC0 0.824519                 
NC1 0.777995                 
NC2 0.5932                   
NC3 0.524473                 
NC4 0.342454                 
NC5 0.3254                   
IW 0.191585                 
NW 6.22395                  
IC0 0.71838                  
IC1 0.505068                 
IC2 0.513927                 
IC3 0.236518                 
NC0 0.783834                 
NC1 0.646611                 
NC2 0.485225                 
NC3 0.309038                 
NC4 0.310665                 
NC5 0.053825                 
IW 1.71609                  
NW 0.0179851                
IC0 0.697408                 
IC1 0.438001                 
IC2 0.144601                 
IC3 0.129697                 
NC0 0.79985                  
NC1 0.672941                 
NC2 0.521114                 
NC3 0.390817                 
NC4 0.219255                 
NC5 0.146054                 
IW 1.07449                  
NW 0.32448                  
IC0 0.700804                 
IC1 0.470582                 
IC2 0.38135                  
IC3 0.367331                 
NC0 0.72349                  
NC1 0.801674                 
NC2 0.5047                   
NC3 0.391252                 
NC4 0.484907                 
NC5 0.185464                 
IW 0.999583                 
NW 0.289956                 
IC0 0.639625                 
IC1 0.56457                  
IC2 0.402429                 
IC3 0.212686                 
NC0 0.743304                 
NC1 0.600656                 
NC2 0.456766                 
NC3 0.384797                 
NC4 0.232018                 
NC5 0.14191                  
IW 1.4043                   
NW 0.351806                 
IC0 0.735941                 
IC1 0.500691                 
IC2 0.257768                 
IC3 0.0884477                
NC0 0.681617                 
NC1 0.677832                 
NC2 0.47851                  
NC3 0.264294                 
NC4 0.260286                 
NC5 0.128815                 
IW 0.262908                 
NW 0.950054                 
IC0 0.579504                 
IC1 0.361111                 
IC2 0.235709                 
IC3 0.115723                 
NC0 0.729628                 
NC1 0.721649                 
NC2 0.593111                 
NC3 0.379678                 
NC4 0.363143                 
NC5 0.20135                  
IW 0.524888                 
NW 1.27043                  
IC0 0.569507                 
IC1 0.396842                 
IC2 0.126611                 
IC3 0                        
NC0 0.779582                 
NC1 0.592712                 
NC2 0.430031                 
NC3 0.340289                 
NC4 0.125461                 
NC5 0.0289923                
IW 0                        
NW 0                        
IC0 0.641092                 
IC1 0.592476                 
IC2 0.626648                 
IC3 0.351212                 
NC0 0.718497                 
NC1 0.557406                 
NC2 0.567172                 
NC3 0.317305                 
NC4 0.110935                 
NC5 0.182461                 
IW 2.40218                  
NW 0.911613                 
IC0 0.650663                 
IC1 0.420009                 
IC2 0.209315                 
IC3 0.164617                 
NC0 0.785998                 
NC1 0.534582                 
NC2 0.435026                 
NC3 0.253361                 
NC4 0.154056                 
NC5 0                        
IW 0.059299                 
NW 0                        
IC0 0.562929                 
IC1 0.44728                  
IC2 0.293537                 
IC3 0.313579                 
NC0 0.706531                 
NC1 0.62801                  
NC2 0.532822                 
NC3 0.488478                 
NC4 0.302602                 
NC5 0.184275                 
IW 0.767072                 
NW 0.168086                 
IC0 0.667398                 
IC1 0.520464                 
IC2 0.254453                 
IC3 0.124251                 
NC0 0.838616                 
NC1 0.778062                 
NC2 0.689907                 
NC3 0.436317                 
NC4 0.371126                 
NC5 0.299517                 
IW 0                        
NW 1.11829                  
IC0 0.703601                 
IC1 0.653176                 
IC2 0.612748                 
IC3 0.439697                 
NC0 0.707908                 
NC1 0.662405                 
NC2 0.51938                  
NC3 0.399878                 
NC4 0.201663                 
NC5 0.108976                 
IW 3.2294                   
NW 0.315667                 
IC0 0.593885                 
IC1 0.516581                 
IC2 0.394834                 
IC3 0.192803                 
NC0 0.75124                  
NC1 0.660553                 
NC2 0.630383                 
NC3 0.467002                 
NC4 0.608264                 
NC5 0.360451                 
IW 0                        
NW 1.28952                  
IC0 0.812709                 
IC1 0.736577                 
IC2 0.49378                  
IC3 0.462969                 
NC0 0.726367                 
NC1 0.692411                 
NC2 0.608332                 
NC3 0.430311                 
NC4 0.28412                  
NC5 0.0986435                
IW 1.64108                  
NW 0.341722                 
IC0 0.676957                 
IC1 0.632938                 
IC2 0.222372                 
IC3 0.205474                 
NC0 0.688049                 
NC1 0.518683                 
NC2 0.483327                 
NC3 0.306683                 
NC4 0.244969                 
NC5 0.0500402                
IW 0                        
NW 0                        
