IC0 0.776647                 
IC1 0.636529                 
IC2 0.608392                 
NC0 0.93903                  
NC1 0.85565                  
NC2 0.764083                 
NC3 0.791202                 
IW 11.4145                  
NW 14.2056                  
IC0 0.741162                 
IC1 0.71368                  
IC2 0.528134                 
NC0 0.983552                 
NC1 0.914639                 
NC2 0.94257                  
NC3 0.900378                 
IW 2.8418                   
NW 45.6823                  
IC0 0.792244                 
IC1 0.615984                 
IC2 0.612316                 
NC0 0.750198                 
NC1 0.617283                 
NC2 0.577305                 
NC3 0.308092                 
IW 16.4582                  
NW 2.48469                  
IC0 0.908572                 
IC1 0.543227                 
IC2 0.499135                 
NC0 0.866661                 
NC1 0.870622                 
NC2 0.811171                 
NC3 0.627551                 
IW 4.53925                  
NW 12.4309                  
IC0 0.737593                 
IC1 0.632229                 
IC2 0.576439                 
NC0 0.927895                 
NC1 0.881267                 
NC2 0.827731                 
NC3 0.745962                 
IW 7.4557                   
NW 34.5267                  
IC0 0.768409                 
IC1 0.554456                 
IC2 0.539434                 
NC0 0.801368                 
NC1 0.745283                 
NC2 0.596946                 
NC3 0.445602                 
IW 6.51351                  
NW 3.15276                  
IC0 0.706525                 
IC1 0.464399                 
IC2 0.238782                 
NC0 0.854112                 
NC1 0.666001                 
NC2 0.603716                 
NC3 0.625899                 
IW 4.79781                  
NW 11.3219                  
IC0 0.762682                 
IC1 0.610107                 
IC2 0.541424                 
NC0 0.910444                 
NC1 0.815215                 
NC2 0.708769                 
NC3 0.657059                 
IW 5.92639                  
NW 6.4563                   
IC0 0.689265                 
IC1 0.578896                 
IC2 0.551148                 
NC0 0.779178                 
NC1 0.723152                 
NC2 0.522518                 
NC3 0.465939                 
IW 7.39578                  
NW 4.72549                  
IC0 0.711959                 
IC1 0.584455                 
IC2 0.283221                 
NC0 0.795763                 
NC1 0.693589                 
NC2 0.586802                 
NC3 0.415201                 
IW 1.90982                  
NW 9.26422                  
IC0 0.664554                 
IC1 0.547689                 
IC2 0.365591                 
NC0 0.807312                 
NC1 0.592987                 
NC2 0.550453                 
NC3 0.472458                 
IW 9.9179                   
NW 1.31748                  
IC0 0.722586                 
IC1 0.281511                 
IC2 0.209293                 
NC0 0.780216                 
NC1 0.698875                 
NC2 0.563314                 
NC3 0.349818                 
IW 0.119469                 
NW 2.35316                  
IC0 0.849206                 
IC1 0.879391                 
IC2 0.893177                 
NC0 0.874446                 
NC1 0.826738                 
NC2 0.677413                 
NC3 0.460177                 
IW 18.8562                  
NW 3.41071                  
IC0 0.705526                 
IC1 0.537505                 
IC2 0.330025                 
NC0 0.698669                 
NC1 0.718003                 
NC2 0.645482                 
NC3 0.480473                 
IW 3.5422                   
NW 6.312                    
IC0 0.784375                 
IC1 0.793026                 
IC2 0.640789                 
NC0 0.897363                 
NC1 0.90155                  
NC2 0.773855                 
NC3 0.718877                 
IW 8.90421                  
NW 15.8864                  
IC0 0.907705                 
IC1 0.660395                 
IC2 0.624265                 
NC0 0.754211                 
NC1 0.71605                  
NC2 0.585331                 
NC3 0.529267                 
IW 5.4969                   
NW 6.02247                  
IC0 0.879711                 
IC1 0.906028                 
IC2 0.816489                 
NC0 0.769337                 
NC1 0.651158                 
NC2 0.617478                 
NC3 0.375628                 
IW 82.138                   
NW 4.91192                  
IC0 0.713893                 
IC1 0.647383                 
IC2 0.579396                 
NC0 0.878787                 
NC1 0.663079                 
NC2 0.622571                 
NC3 0.518887                 
IW 25.5677                  
NW 3.91425                  
IC0 0.787132                 
IC1 0.712628                 
IC2 0.650978                 
NC0 0.815564                 
NC1 0.716152                 
NC2 0.441996                 
NC3 0.494249                 
IW 21.887                   
NW 5.22389                  
IC0 0.684783                 
IC1 0.428711                 
IC2 0.0938383                
NC0 0.820038                 
NC1 0.62538                  
NC2 0.591879                 
NC3 0.376986                 
IW 2.11153                  
NW 3.25955                  
