IC0 0.970092                 
NC0 0.93903                  
NC1 0.85565                  
NC2 0.764083                 
NC3 0.791202                 
IW 198.841                  
NW 14.2056                  
IC0 1                        
NC0 0.721109                 
NC1 0.626124                 
NC2 0.471597                 
NC3 0.341442                 
IW 158.117                  
NW 8.2108                   
IC0 1                        
NC0 0.750198                 
NC1 0.617283                 
NC2 0.577305                 
NC3 0.308092                 
IW 220.967                  
NW 2.48469                  
IC0 0.986526                 
NC0 0.866661                 
NC1 0.870622                 
NC2 0.811171                 
NC3 0.627551                 
IW 296.063                  
NW 12.4309                  
IC0 0.944512                 
NC0 0.927895                 
NC1 0.881267                 
NC2 0.827731                 
NC3 0.745962                 
IW 177.101                  
NW 34.5267                  
IC0 0.951456                 
NC0 0.801368                 
NC1 0.745283                 
NC2 0.596946                 
NC3 0.445602                 
IW 144.481                  
NW 3.15276                  
IC0 0.858915                 
NC0 0.854112                 
NC1 0.666001                 
NC2 0.603716                 
NC3 0.625899                 
IW 125.698                  
NW 11.3219                  
IC0 0.98582                  
NC0 0.916183                 
NC1 0.823926                 
NC2 0.85309                  
NC3 0.834708                 
IW 244.431                  
NW 30.8849                  
IC0 0.999843                 
NC0 0.779178                 
NC1 0.723152                 
NC2 0.522518                 
NC3 0.465939                 
IW 197.146                  
NW 4.72549                  
IC0 0.973962                 
NC0 0.795763                 
NC1 0.693589                 
NC2 0.586802                 
NC3 0.415201                 
IW 229.334                  
NW 9.26422                  
IC0 0.99071                  
NC0 0.797784                 
NC1 0.709486                 
NC2 0.591487                 
NC3 0.430655                 
IW 170.691                  
NW 2.83209                  
IC0 0.946634                 
NC0 0.853595                 
NC1 0.685251                 
NC2 0.606733                 
NC3 0.50647                  
IW 173.684                  
NW 2.84206                  
IC0 0.948626                 
NC0 0.849689                 
NC1 0.706321                 
NC2 0.590941                 
NC3 0.479443                 
IW 141.43                   
NW 4.19847                  
IC0 0.988851                 
NC0 0.886167                 
NC1 0.763494                 
NC2 0.75922                  
NC3 0.631186                 
IW 297.165                  
NW 5.11807                  
IC0 0.911315                 
NC0 0.795879                 
NC1 0.739186                 
NC2 0.500476                 
NC3 0.498668                 
IW 75.8757                  
NW 3.45487                  
IC0 0.981364                 
NC0 0.955372                 
NC1 0.91498                  
NC2 0.840643                 
NC3 0.79737                  
IW 204.642                  
NW 19.4668                  
IC0 1                        
NC0 0.932221                 
NC1 0.889627                 
NC2 0.87687                  
NC3 0.75439                  
IW 106.825                  
NW 31.4079                  
IC0 0.991696                 
NC0 0.869221                 
NC1 0.757098                 
NC2 0.671733                 
NC3 0.570751                 
IW 97.4635                  
NW 8.60995                  
IC0 0.962982                 
NC0 0.79287                  
NC1 0.709969                 
NC2 0.613141                 
NC3 0.552476                 
IW 192.301                  
NW 9.14348                  
IC0 0.930803                 
NC0 0.814663                 
NC1 0.735696                 
NC2 0.600308                 
NC3 0.483517                 
IW 194.825                  
NW 9.45128                  
