IC0 0.927036                 
IC1 0.936639                 
NC0 0.909651                 
NC1 0.786864                 
NC2 0.749374                 
NC3 0.55472                  
NC4 0.494176                 
IW 63.6789                  
NW 3.9168                   
IC0 0.9635                   
IC1 0.96944                  
NC0 0.944988                 
NC1 0.886462                 
NC2 0.84624                  
NC3 0.790517                 
NC4 0.781624                 
IW 56.0462                  
NW 10.3119                  
IC0 0.919334                 
IC1 0.862871                 
NC0 0.753382                 
NC1 0.563742                 
NC2 0.509545                 
NC3 0.197844                 
NC4 0.228364                 
IW 36.4377                  
NW 0.743124                 
IC0 0.985698                 
IC1 0.922776                 
NC0 0.779227                 
NC1 0.768623                 
NC2 0.696967                 
NC3 0.454123                 
NC4 0.477066                 
IW 59.7238                  
NW 2.4839                   
IC0 0.931345                 
IC1 0.836732                 
NC0 0.849113                 
NC1 0.823712                 
NC2 0.646248                 
NC3 0.59707                  
NC4 0.471898                 
IW 63.998                   
NW 13.2434                  
IC0 0.871607                 
IC1 0.715963                 
NC0 0.792581                 
NC1 0.650124                 
NC2 0.517333                 
NC3 0.309291                 
NC4 0.319869                 
IW 26.5405                  
NW 0.389255                 
IC0 0.733184                 
IC1 0.630199                 
NC0 0.793624                 
NC1 0.709181                 
NC2 0.507396                 
NC3 0.419845                 
NC4 0.319985                 
IW 25.4357                  
NW 1.89668                  
IC0 0.949442                 
IC1 0.946304                 
NC0 0.713459                 
NC1 0.814517                 
NC2 0.549108                 
NC3 0.466012                 
NC4 0.54839                  
IW 54.6288                  
NW 1.44109                  
IC0 0.914503                 
IC1 0.868298                 
NC0 0.73849                  
NC1 0.626889                 
NC2 0.480761                 
NC3 0.4273                   
NC4 0.280994                 
IW 31.349                   
NW 1.47069                  
IC0 0.844495                 
IC1 0.709581                 
NC0 0.691777                 
NC1 0.691235                 
NC2 0.46281                  
NC3 0.329719                 
NC4 0.315813                 
IW 13.5947                  
NW 2.63488                  
IC0 0.738583                 
IC1 0.770686                 
NC0 0.749133                 
NC1 0.629139                 
NC2 0.592951                 
NC3 0.445581                 
NC4 0.371857                 
IW 9.64045                  
NW 0.906916                 
IC0 0.937244                 
IC1 0.928189                 
NC0 0.766151                 
NC1 0.736417                 
NC2 0.65095                  
NC3 0.599048                 
NC4 0.467319                 
IW 168.308                  
NW 1.49759                  
IC0 0.969882                 
IC1 0.979522                 
NC0 0.760797                 
NC1 0.646353                 
NC2 0.534926                 
NC3 0.520393                 
NC4 0.3343                   
IW 183.188                  
NW 0.922208                 
IC0 0.837181                 
IC1 0.774096                 
NC0 0.727288                 
NC1 0.63383                  
NC2 0.44631                  
NC3 0.410468                 
NC4 0.233873                 
IW 34.7973                  
NW 1.35199                  
IC0 0.935674                 
IC1 0.84514                  
NC0 0.686319                 
NC1 0.728912                 
NC2 0.484623                 
NC3 0.313095                 
NC4 0.125689                 
IW 146.694                  
NW 0.387942                 
IC0 0.630585                 
IC1 0.619813                 
NC0 0.764957                 
NC1 0.774391                 
NC2 0.565013                 
NC3 0.379832                 
NC4 0.299387                 
IW 13.9854                  
NW 3.22177                  
IC0 0.758943                 
IC1 0.708474                 
NC0 0.73504                  
NC1 0.646833                 
NC2 0.531013                 
NC3 0.357561                 
NC4 0.291248                 
IW 25.8714                  
NW 1.36298                  
IC0 0.834198                 
IC1 0.75252                  
NC0 0.801926                 
NC1 0.656344                 
NC2 0.510992                 
NC3 0.40284                  
NC4 0.227284                 
IW 31.0788                  
NW 0.206809                 
IC0 0.778402                 
IC1 0.773292                 
NC0 0.836372                 
NC1 0.718705                 
NC2 0.720794                 
NC3 0.475237                 
NC4 0.344544                 
IW 12.9603                  
NW 2.9789                   
IC0 0.692547                 
IC1 0.709684                 
NC0 0.663114                 
NC1 0.626545                 
NC2 0.410691                 
NC3 0.38534                  
NC4 0.320812                 
IW 12.9725                  
NW 0.30225                  
