RNC0 0.576345                 
RNC1 0.50128                  
RNC2 0.28502                  
LNC0 0.804988                 
LNC1 0.636697                 
LNW 4.95255                  
RNW 0.244864                 
RNC0 0.522656                 
RNC1 0.352487                 
RNC2 0.212581                 
LNC0 0.820136                 
LNC1 0.741733                 
LNW 7.95442                  
RNW 1.05311                  
RNC0 0.631703                 
RNC1 0.49032                  
RNC2 0.296554                 
LNC0 0.808624                 
LNC1 0.707369                 
LNW 6.77687                  
RNW 1.76774                  
RNC0 0.591378                 
RNC1 0.344061                 
RNC2 0.381611                 
LNC0 0.724345                 
LNC1 0.699073                 
LNW 7.52671                  
RNW 1.78561                  
RNC0 0.956085                 
RNC1 0.718106                 
RNC2 0.63364                  
LNC0 0.80085                  
LNC1 0.681215                 
LNW 15.0793                  
RNW 6.58751                  
RNC0 0.661998                 
RNC1 0.500923                 
RNC2 0.342783                 
LNC0 0.604136                 
LNC1 0.718626                 
LNW 5.18988                  
RNW 0.897127                 
RNC0 0.717434                 
RNC1 0.560761                 
RNC2 0.423354                 
LNC0 0.781227                 
LNC1 0.568463                 
LNW 4.27247                  
RNW 2.44165                  
RNC0 0.804383                 
RNC1 0.684334                 
RNC2 0.506161                 
LNC0 0.752621                 
LNC1 0.615418                 
LNW 3.5479                   
RNW 2.62324                  
RNC0 0.640376                 
RNC1 0.475212                 
RNC2 0.166256                 
LNC0 0.522663                 
LNC1 0.33042                  
LNW 1.08717                  
RNW 0.787702                 
RNC0 0.663947                 
RNC1 0.663878                 
RNC2 0.264254                 
LNC0 0.701426                 
LNC1 0.571622                 
LNW 4.40794                  
RNW 0.926735                 
