RNC0 0.956233                 
LNC0 0.962112                 
LNW 161.631                  
RNW 154.412                  
RNC0 1                        
LNC0 0.993673                 
LNW 169.075                  
RNW 206.66                   
RNC0 0.958152                 
LNC0 0.998137                 
LNW 135.129                  
RNW 126.441                  
RNC0 1                        
LNC0 0.989838                 
LNW 140.469                  
RNW 138.203                  
RNC0 0.98781                  
LNC0 1                        
LNW 181.365                  
RNW 168.486                  
RNC0 0.981513                 
LNC0 0.890842                 
LNW 74.157                   
RNW 73.5357                  
RNC0 0.982288                 
LNC0 1                        
LNW 148.919                  
RNW 156.392                  
RNC0 0.967575                 
LNC0 0.925935                 
LNW 156.92                   
RNW 167.842                  
RNC0 0.994539                 
LNC0 0.904786                 
LNW 221.426                  
RNW 176.073                  
RNC0 0.966025                 
LNC0 0.999711                 
LNW 86.4823                  
RNW 96.8766                  
