RNC0 0.733054                 
RNC1 0.587017                 
RNC2 0.570866                 
LNC0 0.920396                 
LNW 21.9067                  
RNW 10.0031                  
RNC0 0.705009                 
RNC1 0.453136                 
RNC2 0.362506                 
LNC0 0.727231                 
LNW 25.8088                  
RNW 6.30484                  
RNC0 0.771834                 
RNC1 0.747691                 
RNC2 0.725675                 
LNC0 0.842941                 
LNW 39.5292                  
RNW 5.59312                  
RNC0 0.896357                 
RNC1 0.870734                 
RNC2 0.84846                  
LNC0 0.945141                 
LNW 72.1541                  
RNW 12.4565                  
RNC0 0.710912                 
RNC1 0.616596                 
RNC2 0.395247                 
LNC0 0.808997                 
LNW 13.8397                  
RNW 2.11199                  
RNC0 0.737527                 
RNC1 0.602624                 
RNC2 0.416271                 
LNC0 0.823349                 
LNW 23.485                   
RNW 4.48931                  
RNC0 0.827525                 
RNC1 0.680458                 
RNC2 0.640663                 
LNC0 0.974028                 
LNW 45.3826                  
RNW 9.438                    
RNC0 0.725159                 
RNC1 0.604455                 
RNC2 0.58761                  
LNC0 0.814575                 
LNW 35.3962                  
RNW 6.69511                  
RNC0 0.733396                 
RNC1 0.58516                  
RNC2 0.426133                 
LNC0 0.971881                 
LNW 56.3726                  
RNW 1.783                    
RNC0 0.675632                 
RNC1 0.719586                 
RNC2 0.586267                 
LNC0 0.810485                 
LNW 23.0058                  
RNW 4.33528                  
