RNC0 0.977094                 
LNC0 0.949851                 
LNC1 0.907874                 
LNW 39.0632                  
RNW 83.0272                  
RNC0 0.835139                 
LNC0 0.783155                 
LNC1 0.691735                 
LNW 20.3463                  
RNW 43.7907                  
RNC0 0.857412                 
LNC0 0.833044                 
LNC1 0.79169                  
LNW 22.6554                  
RNW 49.4255                  
RNC0 0.87534                  
LNC0 0.895094                 
LNC1 0.817602                 
LNW 24.4702                  
RNW 38.6537                  
RNC0 0.887689                 
LNC0 0.939009                 
LNC1 0.856607                 
LNW 49.7565                  
RNW 104.24                   
RNC0 0.968208                 
LNC0 0.958296                 
LNC1 0.879051                 
LNW 28.4761                  
RNW 61.9042                  
RNC0 0.886439                 
LNC0 0.803704                 
LNC1 0.836707                 
LNW 15.1202                  
RNW 35.67                    
RNC0 0.986316                 
LNC0 1                        
LNC1 0.989672                 
LNW 63.1255                  
RNW 129.808                  
RNC0 0.993249                 
LNC0 0.876881                 
LNC1 0.824983                 
LNW 34.0564                  
RNW 58.4414                  
RNC0 0.897142                 
LNC0 0.748448                 
LNC1 0.628329                 
LNW 4.45197                  
RNW 37.0888                  
