RNC0 0.934259                 
RNC1 0.881413                 
LNC0 0.986412                 
LNW 48.6962                  
RNW 19.1429                  
RNC0 0.858718                 
RNC1 0.767426                 
LNC0 0.960027                 
LNW 142.004                  
RNW 89.9568                  
RNC0 0.855057                 
RNC1 0.8546                   
LNC0 0.959168                 
LNW 37.4307                  
RNW 18.1152                  
RNC0 0.880518                 
RNC1 0.824357                 
LNC0 0.901188                 
LNW 40.2995                  
RNW 13.4017                  
RNC0 0.852006                 
RNC1 0.77959                  
LNC0 0.94419                  
LNW 66.0988                  
RNW 32.5786                  
RNC0 0.906378                 
RNC1 0.80554                  
LNC0 0.981085                 
LNW 75.0697                  
RNW 44.2373                  
RNC0 0.904671                 
RNC1 0.75224                  
LNC0 0.921335                 
LNW 77.5179                  
RNW 40.11                    
RNC0 0.926421                 
RNC1 0.902489                 
LNC0 1                        
LNW 93.0355                  
RNW 28.4661                  
RNC0 0.696134                 
RNC1 0.640204                 
LNC0 0.9138                   
LNW 35.6618                  
RNW 18.2422                  
RNC0 0.933405                 
RNC1 0.884046                 
LNC0 0.922243                 
LNW 95.3881                  
RNW 61.0243                  
