RNC0 0.728525                 
LNC0 0.71071                  
LNC1 0.584912                 
LNC2 0.411933                 
LNW 3.95357                  
RNW 18.341                   
RNC0 0.78926                  
LNC0 0.613991                 
LNC1 0.377416                 
LNC2 0.255856                 
LNW 0.36526                  
RNW 16.3933                  
RNC0 0.90112                  
LNC0 0.823972                 
LNC1 0.725774                 
LNC2 0.492781                 
LNW 3.89276                  
RNW 23.8974                  
RNC0 0.912057                 
LNC0 0.68968                  
LNC1 0.558932                 
LNC2 0.480047                 
LNW 3.50147                  
RNW 21.9576                  
RNC0 0.823892                 
LNC0 0.742278                 
LNC1 0.607615                 
LNC2 0.477723                 
LNW 3.07251                  
RNW 25.3897                  
RNC0 0.889448                 
LNC0 0.512616                 
LNC1 0.549035                 
LNC2 0.419241                 
LNW 1.99894                  
RNW 31.1253                  
RNC0 0.82191                  
LNC0 0.813401                 
LNC1 0.636688                 
LNC2 0.551074                 
LNW 5.16044                  
RNW 23.4664                  
RNC0 0.896197                 
LNC0 0.672956                 
LNC1 0.573952                 
LNC2 0.457674                 
LNW 3.3584                   
RNW 24.1299                  
RNC0 0.765385                 
LNC0 0.548798                 
LNC1 0.312339                 
LNC2 0.226362                 
LNW 0.487579                 
RNW 14.3072                  
RNC0 0.872544                 
LNC0 0.692531                 
LNC1 0.712413                 
LNC2 0.518053                 
LNW 7.1726                   
RNW 28.7154                  
