RNC0 0.743125                 
RNC1 0.56722                  
LNC0 0.718519                 
LNC1 0.635771                 
LNC2 0.402857                 
LNW 3.45128                  
RNW 6.68209                  
RNC0 0.59673                  
RNC1 0.508219                 
LNC0 0.745142                 
LNC1 0.513924                 
LNC2 0.419351                 
LNW 3.71801                  
RNW 6.27629                  
RNC0 0.80496                  
RNC1 0.728023                 
LNC0 0.698533                 
LNC1 0.526671                 
LNC2 0.247246                 
LNW 1.31492                  
RNW 7.7245                   
RNC0 0.72509                  
RNC1 0.385763                 
LNC0 0.723795                 
LNC1 0.691069                 
LNC2 0.460365                 
LNW 1.53683                  
RNW 3.63522                  
RNC0 0.634771                 
RNC1 0.378739                 
LNC0 0.558802                 
LNC1 0.548061                 
LNC2 0.339187                 
LNW 2.72982                  
RNW 4.8022                   
RNC0 0.548569                 
RNC1 0.415222                 
LNC0 0.684448                 
LNC1 0.585104                 
LNC2 0.300623                 
LNW 2.20037                  
RNW 2.54129                  
RNC0 0.802306                 
RNC1 0.712897                 
LNC0 0.599541                 
LNC1 0.568908                 
LNC2 0.410252                 
LNW 2.62019                  
RNW 6.74761                  
RNC0 0.738462                 
RNC1 0.76591                  
LNC0 0.637367                 
LNC1 0.527603                 
LNC2 0.124844                 
LNW 0.113144                 
RNW 5.75925                  
RNC0 0.819166                 
RNC1 0.723181                 
LNC0 0.764467                 
LNC1 0.639413                 
LNC2 0.500069                 
LNW 6.55011                  
RNW 12.4873                  
RNC0 0.881009                 
RNC1 0.705793                 
LNC0 0.670966                 
LNC1 0.550396                 
LNC2 0.320572                 
LNW 6.0531                   
RNW 8.8189                   
