RNC0 0.682182                 
RNC1 0.46639                  
LNC0 0.837314                 
LNC1 0.680523                 
LNW 6.48171                  
RNW 5.12411                  
RNC0 0.687694                 
RNC1 0.441777                 
LNC0 0.711084                 
LNC1 0.54896                  
LNW 6.76813                  
RNW 5.48086                  
RNC0 0.644719                 
RNC1 0.530909                 
LNC0 0.624038                 
LNC1 0.363208                 
LNW 6.16202                  
RNW 5.15046                  
RNC0 0.897651                 
RNC1 0.890857                 
LNC0 0.857869                 
LNC1 0.782509                 
LNW 25.5452                  
RNW 17.2999                  
RNC0 0.680508                 
RNC1 0.52979                  
LNC0 0.780549                 
LNC1 0.653332                 
LNW 3.86971                  
RNW 3.54227                  
RNC0 0.710606                 
RNC1 0.51412                  
LNC0 0.791709                 
LNC1 0.550192                 
LNW 6.11504                  
RNW 7.77831                  
RNC0 0.67723                  
RNC1 0.553626                 
LNC0 0.729299                 
LNC1 0.611597                 
LNW 5.74397                  
RNW 3.03397                  
RNC0 0.767509                 
RNC1 0.701428                 
LNC0 0.755693                 
LNC1 0.653964                 
LNW 15.8804                  
RNW 11.6588                  
RNC0 0.724647                 
RNC1 0.589144                 
LNC0 0.718218                 
LNC1 0.606272                 
LNW 3.57059                  
RNW 3.57906                  
RNC0 0.827194                 
RNC1 0.692458                 
LNC0 0.77336                  
LNC1 0.726844                 
LNW 5.56376                  
RNW 10.0814                  
