RNC0 0.615523                 
RNC1 0.46267                  
RNC2 0.307546                 
LNC0 0.554318                 
LNC1 0.378156                 
LNC2 0.444213                 
LNW 0.940967                 
RNW 0.742134                 
RNC0 0.713075                 
RNC1 0.535718                 
RNC2 0.289519                 
LNC0 0.683634                 
LNC1 0.665873                 
LNC2 0.386424                 
LNW 2.62123                  
RNW 1.657                    
RNC0 0.797094                 
RNC1 0.559688                 
RNC2 0.49835                  
LNC0 0.596663                 
LNC1 0.412062                 
LNC2 0.350215                 
LNW 4.93188                  
RNW 2.81611                  
RNC0 0.515109                 
RNC1 0.307309                 
RNC2 0.363188                 
LNC0 0.623322                 
LNC1 0.399032                 
LNC2 0.242583                 
LNW 0.864682                 
RNW 0.75008                  
RNC0 0.538318                 
RNC1 0.423706                 
RNC2 0.189184                 
LNC0 0.617631                 
LNC1 0.5416                   
LNC2 0.261905                 
LNW 1.84239                  
RNW 0.632338                 
RNC0 0.682272                 
RNC1 0.403114                 
RNC2 0.226663                 
LNC0 0.450338                 
LNC1 0.344109                 
LNC2 0.161871                 
LNW 0.479147                 
RNW 3.22965                  
RNC0 0.627252                 
RNC1 0.327546                 
RNC2 0.154489                 
LNC0 0.644868                 
LNC1 0.532538                 
LNC2 0.25199                  
LNW 0.902879                 
RNW 0.922668                 
RNC0 0.654081                 
RNC1 0.518173                 
RNC2 0.285011                 
LNC0 0.813698                 
LNC1 0.711203                 
LNC2 0.521689                 
LNW 3.18012                  
RNW 1.87057                  
RNC0 0.721432                 
RNC1 0.647564                 
RNC2 0.479616                 
LNC0 0.696184                 
LNC1 0.499109                 
LNC2 0.342687                 
LNW 2.09797                  
RNW 2.48032                  
RNC0 0.674946                 
RNC1 0.635126                 
RNC2 0.397924                 
LNC0 0.645457                 
LNC1 0.42637                  
LNC2 0.259165                 
LNW 1.44736                  
RNW 2.98967                  
